!SESSION 2017-01-15 08:50:49.025 -----------------------------------------------
eclipse.buildId=4.5.2.M20160212-1500
java.version=1.8.0_111
java.vendor=Oracle Corporation
BootLoader constants: OS=win32, ARCH=x86_64, WS=win32, NL=en_US
Command-line arguments:  -os win32 -ws win32 -arch x86_64

!ENTRY org.eclipse.epp.logging.aeri.ide 2 16 2017-01-15 08:50:58.924
!MESSAGE Server ‘org.eclipse.epp.logging.aeri.ide.server’ failed with exception: Proxy Authentication Required ( The ISA Server requires authorization to fulfill the request. Access to the Web Proxy filter is denied.  ). ; version: 1.100.0.v20160217-0435
!STACK 0
org.apache.http.client.HttpResponseException: Proxy Authentication Required ( The ISA Server requires authorization to fulfill the request. Access to the Web Proxy filter is denied.  )
	at org.eclipse.epp.internal.logging.aeri.ide.server.mars.HttpResponses$ProgressMonitorResponseHandler.handleResponse(HttpResponses.java:70)
	at org.eclipse.epp.internal.logging.aeri.ide.server.mars.HttpResponses$ProgressMonitorResponseStringHandler.handleResponse(HttpResponses.java:92)
	at org.eclipse.epp.internal.logging.aeri.ide.server.mars.HttpResponses$ProgressMonitorResponseStringHandler.handleResponse(HttpResponses.java:1)
	at org.apache.http.client.fluent.Response.handleResponse(Response.java:90)
	at org.eclipse.epp.internal.logging.aeri.ide.server.mars.HttpResponses.getContentWithProgress(HttpResponses.java:55)
	at org.eclipse.epp.internal.logging.aeri.ide.server.mars.IO.refreshConfiguration(IO.java:69)
	at org.eclipse.epp.internal.logging.aeri.ide.server.mars.ServerConnection.startUp(ServerConnection.java:101)
	at com.google.common.util.concurrent.AbstractIdleService$2$1.run(AbstractIdleService.java:54)
	at com.google.common.util.concurrent.Callables$3.run(Callables.java:93)
	at java.lang.Thread.run(Unknown Source)

!ENTRY org.eclipse.egit.ui 2 0 2017-01-15 08:50:59.533
!MESSAGE Warning: The environment variable HOME is not set. The following directory will be used to store the Git
user global configuration and to define the default location to store repositories: 'C:\Users\rali'. If this is
not correct please set the HOME environment variable and restart Eclipse. Otherwise Git for Windows and
EGit might behave differently since they see different configuration options.
This warning can be switched off on the Team > Git > Confirmations and Warnings preference page.
!SESSION 2017-01-15 08:54:00.718 -----------------------------------------------
eclipse.buildId=4.5.2.M20160212-1500
java.version=1.8.0_111
java.vendor=Oracle Corporation
BootLoader constants: OS=win32, ARCH=x86_64, WS=win32, NL=en_US
Command-line arguments:  -os win32 -ws win32 -arch x86_64

!ENTRY org.eclipse.epp.logging.aeri.ide 2 16 2017-01-15 08:54:12.320
!MESSAGE Server ‘org.eclipse.epp.logging.aeri.ide.server’ failed with exception: Proxy Authentication Required ( The ISA Server requires authorization to fulfill the request. Access to the Web Proxy filter is denied.  ). ; version: 1.100.0.v20160217-0435
!STACK 0
org.apache.http.client.HttpResponseException: Proxy Authentication Required ( The ISA Server requires authorization to fulfill the request. Access to the Web Proxy filter is denied.  )
	at org.eclipse.epp.internal.logging.aeri.ide.server.mars.HttpResponses$ProgressMonitorResponseHandler.handleResponse(HttpResponses.java:70)
	at org.eclipse.epp.internal.logging.aeri.ide.server.mars.HttpResponses$ProgressMonitorResponseStringHandler.handleResponse(HttpResponses.java:92)
	at org.eclipse.epp.internal.logging.aeri.ide.server.mars.HttpResponses$ProgressMonitorResponseStringHandler.handleResponse(HttpResponses.java:1)
	at org.apache.http.client.fluent.Response.handleResponse(Response.java:90)
	at org.eclipse.epp.internal.logging.aeri.ide.server.mars.HttpResponses.getContentWithProgress(HttpResponses.java:55)
	at org.eclipse.epp.internal.logging.aeri.ide.server.mars.IO.refreshConfiguration(IO.java:69)
	at org.eclipse.epp.internal.logging.aeri.ide.server.mars.ServerConnection.startUp(ServerConnection.java:101)
	at com.google.common.util.concurrent.AbstractIdleService$2$1.run(AbstractIdleService.java:54)
	at com.google.common.util.concurrent.Callables$3.run(Callables.java:93)
	at java.lang.Thread.run(Unknown Source)

!ENTRY org.eclipse.egit.ui 2 0 2017-01-15 08:54:12.747
!MESSAGE Warning: The environment variable HOME is not set. The following directory will be used to store the Git
user global configuration and to define the default location to store repositories: 'C:\Users\rali'. If this is
not correct please set the HOME environment variable and restart Eclipse. Otherwise Git for Windows and
EGit might behave differently since they see different configuration options.
This warning can be switched off on the Team > Git > Confirmations and Warnings preference page.
!SESSION 2017-01-15 09:00:49.452 -----------------------------------------------
eclipse.buildId=4.5.2.M20160212-1500
java.version=1.8.0_111
java.vendor=Oracle Corporation
BootLoader constants: OS=win32, ARCH=x86_64, WS=win32, NL=en_US
Command-line arguments:  -os win32 -ws win32 -arch x86_64 -data E:\rali\Desktop\Eclipse\workspace-20170112T101132Z\workspace

!ENTRY org.eclipse.epp.logging.aeri.ide 2 16 2017-01-15 09:00:59.254
!MESSAGE Server ‘org.eclipse.epp.logging.aeri.ide.server’ failed with exception: Proxy Authentication Required ( The ISA Server requires authorization to fulfill the request. Access to the Web Proxy filter is denied.  ). ; version: 1.100.0.v20160217-0435
!STACK 0
org.apache.http.client.HttpResponseException: Proxy Authentication Required ( The ISA Server requires authorization to fulfill the request. Access to the Web Proxy filter is denied.  )
	at org.eclipse.epp.internal.logging.aeri.ide.server.mars.HttpResponses$ProgressMonitorResponseHandler.handleResponse(HttpResponses.java:70)
	at org.eclipse.epp.internal.logging.aeri.ide.server.mars.HttpResponses$ProgressMonitorResponseStringHandler.handleResponse(HttpResponses.java:92)
	at org.eclipse.epp.internal.logging.aeri.ide.server.mars.HttpResponses$ProgressMonitorResponseStringHandler.handleResponse(HttpResponses.java:1)
	at org.apache.http.client.fluent.Response.handleResponse(Response.java:90)
	at org.eclipse.epp.internal.logging.aeri.ide.server.mars.HttpResponses.getContentWithProgress(HttpResponses.java:55)
	at org.eclipse.epp.internal.logging.aeri.ide.server.mars.IO.refreshConfiguration(IO.java:69)
	at org.eclipse.epp.internal.logging.aeri.ide.server.mars.ServerConnection.startUp(ServerConnection.java:101)
	at com.google.common.util.concurrent.AbstractIdleService$2$1.run(AbstractIdleService.java:54)
	at com.google.common.util.concurrent.Callables$3.run(Callables.java:93)
	at java.lang.Thread.run(Unknown Source)

!ENTRY org.eclipse.egit.ui 2 0 2017-01-15 09:00:59.754
!MESSAGE Warning: The environment variable HOME is not set. The following directory will be used to store the Git
user global configuration and to define the default location to store repositories: 'C:\Users\rali'. If this is
not correct please set the HOME environment variable and restart Eclipse. Otherwise Git for Windows and
EGit might behave differently since they see different configuration options.
This warning can be switched off on the Team > Git > Confirmations and Warnings preference page.
!SESSION 2017-01-15 09:07:15.890 -----------------------------------------------
eclipse.buildId=4.5.2.M20160212-1500
java.version=1.8.0_111
java.vendor=Oracle Corporation
BootLoader constants: OS=win32, ARCH=x86_64, WS=win32, NL=en_US
Command-line arguments:  -os win32 -ws win32 -arch x86_64 -data E:\rali\Desktop\Eclipse\workspace-20170112T101132Z\workspace

!ENTRY org.eclipse.egit.ui 2 0 2017-01-15 09:07:26.334
!MESSAGE Warning: The environment variable HOME is not set. The following directory will be used to store the Git
user global configuration and to define the default location to store repositories: 'C:\Users\rali'. If this is
not correct please set the HOME environment variable and restart Eclipse. Otherwise Git for Windows and
EGit might behave differently since they see different configuration options.
This warning can be switched off on the Team > Git > Confirmations and Warnings preference page.

!ENTRY org.eclipse.epp.logging.aeri.ide 2 16 2017-01-15 09:07:28.785
!MESSAGE Server ‘org.eclipse.epp.logging.aeri.ide.server’ failed with exception: Connect to 128.4.0.246:8080 [/128.4.0.246] failed: connect timed out. ; version: 1.100.0.v20160217-0435
!STACK 0
org.apache.http.conn.ConnectTimeoutException: Connect to 128.4.0.246:8080 [/128.4.0.246] failed: connect timed out
	at org.apache.http.impl.conn.HttpClientConnectionOperator.connect(HttpClientConnectionOperator.java:134)
	at org.apache.http.impl.conn.PoolingHttpClientConnectionManager.connect(PoolingHttpClientConnectionManager.java:319)
	at org.apache.http.impl.execchain.MainClientExec.establishRoute(MainClientExec.java:371)
	at org.apache.http.impl.execchain.MainClientExec.execute(MainClientExec.java:219)
	at org.apache.http.impl.execchain.ProtocolExec.execute(ProtocolExec.java:195)
	at org.apache.http.impl.execchain.RetryExec.execute(RetryExec.java:86)
	at org.apache.http.impl.execchain.RedirectExec.execute(RedirectExec.java:108)
	at org.apache.http.impl.client.InternalHttpClient.doExecute(InternalHttpClient.java:184)
	at org.apache.http.impl.client.CloseableHttpClient.execute(CloseableHttpClient.java:82)
	at org.apache.http.impl.client.CloseableHttpClient.execute(CloseableHttpClient.java:57)
	at org.apache.http.client.fluent.Executor.execute(Executor.java:206)
	at org.eclipse.epp.internal.logging.aeri.ide.server.mars.IO.request(IO.java:205)
	at org.eclipse.epp.internal.logging.aeri.ide.server.mars.IO.refreshConfiguration(IO.java:68)
	at org.eclipse.epp.internal.logging.aeri.ide.server.mars.ServerConnection.startUp(ServerConnection.java:101)
	at com.google.common.util.concurrent.AbstractIdleService$2$1.run(AbstractIdleService.java:54)
	at com.google.common.util.concurrent.Callables$3.run(Callables.java:93)
	at java.lang.Thread.run(Unknown Source)
Caused by: java.net.SocketTimeoutException: connect timed out
	at java.net.DualStackPlainSocketImpl.waitForConnect(Native Method)
	at java.net.DualStackPlainSocketImpl.socketConnect(Unknown Source)
	at java.net.AbstractPlainSocketImpl.doConnect(Unknown Source)
	at java.net.AbstractPlainSocketImpl.connectToAddress(Unknown Source)
	at java.net.AbstractPlainSocketImpl.connect(Unknown Source)
	at java.net.PlainSocketImpl.connect(Unknown Source)
	at java.net.SocksSocketImpl.connect(Unknown Source)
	at java.net.Socket.connect(Unknown Source)
	at org.apache.http.conn.socket.PlainConnectionSocketFactory.connectSocket(PlainConnectionSocketFactory.java:72)
	at org.apache.http.impl.conn.HttpClientConnectionOperator.connect(HttpClientConnectionOperator.java:125)
	... 16 more
!SESSION 2017-01-15 09:13:00.108 -----------------------------------------------
eclipse.buildId=4.5.2.M20160212-1500
java.version=1.8.0_111
java.vendor=Oracle Corporation
BootLoader constants: OS=win32, ARCH=x86_64, WS=win32, NL=en_US
Command-line arguments:  -os win32 -ws win32 -arch x86_64

!ENTRY org.eclipse.core.resources 4 567 2017-01-15 09:13:19.608
!MESSAGE Workspace restored, but some problems occurred.
!SUBENTRY 1 org.eclipse.core.resources 4 567 2017-01-15 09:13:19.608
!MESSAGE Could not read metadata for 'TestDB'.
!STACK 1
org.eclipse.core.internal.resources.ResourceException: The project description file (.project) for 'TestDB' is missing.  This file contains important information about the project.  The project will not function properly until this file is restored.
	at org.eclipse.core.internal.localstore.FileSystemResourceManager.read(FileSystemResourceManager.java:888)
	at org.eclipse.core.internal.resources.SaveManager.restoreMetaInfo(SaveManager.java:902)
	at org.eclipse.core.internal.resources.SaveManager.restoreMetaInfo(SaveManager.java:882)
	at org.eclipse.core.internal.resources.SaveManager.restore(SaveManager.java:733)
	at org.eclipse.core.internal.resources.SaveManager.startup(SaveManager.java:1588)
	at org.eclipse.core.internal.resources.Workspace.startup(Workspace.java:2386)
	at org.eclipse.core.internal.resources.Workspace.open(Workspace.java:2157)
	at org.eclipse.core.resources.ResourcesPlugin.start(ResourcesPlugin.java:463)
	at org.eclipse.osgi.internal.framework.BundleContextImpl$3.run(BundleContextImpl.java:771)
	at org.eclipse.osgi.internal.framework.BundleContextImpl$3.run(BundleContextImpl.java:1)
	at java.security.AccessController.doPrivileged(Native Method)
	at org.eclipse.osgi.internal.framework.BundleContextImpl.startActivator(BundleContextImpl.java:764)
	at org.eclipse.osgi.internal.framework.BundleContextImpl.start(BundleContextImpl.java:721)
	at org.eclipse.osgi.internal.framework.EquinoxBundle.startWorker0(EquinoxBundle.java:941)
	at org.eclipse.osgi.internal.framework.EquinoxBundle$EquinoxModule.startWorker(EquinoxBundle.java:318)
	at org.eclipse.osgi.container.Module.doStart(Module.java:571)
	at org.eclipse.osgi.container.Module.start(Module.java:439)
	at org.eclipse.osgi.framework.util.SecureAction.start(SecureAction.java:454)
	at org.eclipse.osgi.internal.hooks.EclipseLazyStarter.postFindLocalClass(EclipseLazyStarter.java:107)
	at org.eclipse.osgi.internal.loader.classpath.ClasspathManager.findLocalClass(ClasspathManager.java:531)
	at org.eclipse.osgi.internal.loader.ModuleClassLoader.findLocalClass(ModuleClassLoader.java:324)
	at org.eclipse.osgi.internal.loader.BundleLoader.findLocalClass(BundleLoader.java:327)
	at org.eclipse.osgi.internal.loader.sources.SingleSourcePackage.loadClass(SingleSourcePackage.java:36)
	at org.eclipse.osgi.internal.loader.BundleLoader.findClassInternal(BundleLoader.java:398)
	at org.eclipse.osgi.internal.loader.BundleLoader.findClass(BundleLoader.java:352)
	at org.eclipse.osgi.internal.loader.BundleLoader.findClass(BundleLoader.java:344)
	at org.eclipse.osgi.internal.loader.ModuleClassLoader.loadClass(ModuleClassLoader.java:160)
	at java.lang.ClassLoader.loadClass(Unknown Source)
	at org.eclipse.ui.internal.ide.application.IDEApplication.start(IDEApplication.java:140)
	at org.eclipse.equinox.internal.app.EclipseAppHandle.run(EclipseAppHandle.java:196)
	at org.eclipse.core.runtime.internal.adaptor.EclipseAppLauncher.runApplication(EclipseAppLauncher.java:134)
	at org.eclipse.core.runtime.internal.adaptor.EclipseAppLauncher.start(EclipseAppLauncher.java:104)
	at org.eclipse.core.runtime.adaptor.EclipseStarter.run(EclipseStarter.java:380)
	at org.eclipse.core.runtime.adaptor.EclipseStarter.run(EclipseStarter.java:235)
	at sun.reflect.NativeMethodAccessorImpl.invoke0(Native Method)
	at sun.reflect.NativeMethodAccessorImpl.invoke(Unknown Source)
	at sun.reflect.DelegatingMethodAccessorImpl.invoke(Unknown Source)
	at java.lang.reflect.Method.invoke(Unknown Source)
	at org.eclipse.equinox.launcher.Main.invokeFramework(Main.java:669)
	at org.eclipse.equinox.launcher.Main.basicRun(Main.java:608)
	at org.eclipse.equinox.launcher.Main.run(Main.java:1515)
!SUBENTRY 2 org.eclipse.core.resources 4 567 2017-01-15 09:13:19.608
!MESSAGE The project description file (.project) for 'TestDB' is missing.  This file contains important information about the project.  The project will not function properly until this file is restored.

!ENTRY org.eclipse.egit.ui 2 0 2017-01-15 09:13:31.718
!MESSAGE Warning: The environment variable HOME is not set. The following directory will be used to store the Git
user global configuration and to define the default location to store repositories: 'C:\Users\rali'. If this is
not correct please set the HOME environment variable and restart Eclipse. Otherwise Git for Windows and
EGit might behave differently since they see different configuration options.
This warning can be switched off on the Team > Git > Confirmations and Warnings preference page.
!SESSION 2017-01-15 09:14:43.633 -----------------------------------------------
eclipse.buildId=4.5.2.M20160212-1500
java.version=1.8.0_111
java.vendor=Oracle Corporation
BootLoader constants: OS=win32, ARCH=x86_64, WS=win32, NL=en_US
Command-line arguments:  -os win32 -ws win32 -arch x86_64 -data E:\rali\Desktop\Eclipse\workspace-20170112T101132Z\workspace

!ENTRY org.eclipse.egit.ui 2 0 2017-01-15 09:14:55.463
!MESSAGE Warning: The environment variable HOME is not set. The following directory will be used to store the Git
user global configuration and to define the default location to store repositories: 'C:\Users\rali'. If this is
not correct please set the HOME environment variable and restart Eclipse. Otherwise Git for Windows and
EGit might behave differently since they see different configuration options.
This warning can be switched off on the Team > Git > Confirmations and Warnings preference page.
!SESSION 2017-01-15 09:17:07.647 -----------------------------------------------
eclipse.buildId=4.5.2.M20160212-1500
java.version=1.8.0_111
java.vendor=Oracle Corporation
BootLoader constants: OS=win32, ARCH=x86_64, WS=win32, NL=en_US
Command-line arguments:  -os win32 -ws win32 -arch x86_64

!ENTRY org.eclipse.egit.ui 2 0 2017-01-15 09:17:31.261
!MESSAGE Warning: The environment variable HOME is not set. The following directory will be used to store the Git
user global configuration and to define the default location to store repositories: 'C:\Users\rali'. If this is
not correct please set the HOME environment variable and restart Eclipse. Otherwise Git for Windows and
EGit might behave differently since they see different configuration options.
This warning can be switched off on the Team > Git > Confirmations and Warnings preference page.
!SESSION 2017-01-15 09:18:38.270 -----------------------------------------------
eclipse.buildId=4.5.2.M20160212-1500
java.version=1.8.0_111
java.vendor=Oracle Corporation
BootLoader constants: OS=win32, ARCH=x86_64, WS=win32, NL=en_US
Command-line arguments:  -os win32 -ws win32 -arch x86_64

!ENTRY org.eclipse.egit.ui 2 0 2017-01-15 09:18:54.872
!MESSAGE Warning: The environment variable HOME is not set. The following directory will be used to store the Git
user global configuration and to define the default location to store repositories: 'C:\Users\rali'. If this is
not correct please set the HOME environment variable and restart Eclipse. Otherwise Git for Windows and
EGit might behave differently since they see different configuration options.
This warning can be switched off on the Team > Git > Confirmations and Warnings preference page.

!ENTRY org.eclipse.core.net 1 0 2017-01-15 09:19:49.963
!MESSAGE System property http.proxyHost is set to 128.4.0.246 but should not be set.

!ENTRY org.eclipse.core.net 1 0 2017-01-15 09:19:49.995
!MESSAGE System property http.proxyPort is set to 8080 but should not be set.

!ENTRY org.eclipse.core.net 1 0 2017-01-15 09:19:50.010
!MESSAGE System property https.proxyHost is set to 128.4.0.246 but should not be set.

!ENTRY org.eclipse.core.net 1 0 2017-01-15 09:19:50.010
!MESSAGE System property https.proxyPort is set to 8080 but should not be set.

!ENTRY org.eclipse.epp.logging.aeri.ide 2 10 2017-01-15 09:23:54.312
!MESSAGE Updating the index from remote failed. ; version: 1.100.0.v20160217-0435
!STACK 0
org.apache.http.client.HttpResponseException: Proxy Authentication Required ( The ISA Server requires authorization to fulfill the request. Access to the Web Proxy filter is denied.  )
	at org.eclipse.epp.internal.logging.aeri.ide.server.mars.HttpResponses$ProgressMonitorResponseHandler.handleResponse(HttpResponses.java:70)
	at org.eclipse.epp.internal.logging.aeri.ide.server.mars.HttpResponses$ProgressMonitorResponseHandler.handleResponse(HttpResponses.java:1)
	at org.apache.http.client.fluent.Response.handleResponse(Response.java:90)
	at org.eclipse.epp.internal.logging.aeri.ide.server.mars.HttpResponses.getResponseWithProgress(HttpResponses.java:51)
	at org.eclipse.epp.internal.logging.aeri.ide.server.mars.IO.downloadDatabase(IO.java:173)
	at org.eclipse.epp.internal.logging.aeri.ide.server.mars.ServerProblemsHistory$UpdateIndexJob.run(ServerProblemsHistory.java:279)
	at org.eclipse.core.internal.jobs.Worker.run(Worker.java:55)
!SESSION 2017-01-15 09:45:41.570 -----------------------------------------------
eclipse.buildId=4.5.2.M20160212-1500
java.version=1.8.0_111
java.vendor=Oracle Corporation
BootLoader constants: OS=win32, ARCH=x86_64, WS=win32, NL=en_US
Command-line arguments:  -os win32 -ws win32 -arch x86_64

!ENTRY org.eclipse.egit.ui 2 0 2017-01-15 09:45:54.947
!MESSAGE Warning: The environment variable HOME is not set. The following directory will be used to store the Git
user global configuration and to define the default location to store repositories: 'C:\Users\rali'. If this is
not correct please set the HOME environment variable and restart Eclipse. Otherwise Git for Windows and
EGit might behave differently since they see different configuration options.
This warning can be switched off on the Team > Git > Confirmations and Warnings preference page.

!ENTRY org.eclipse.epp.logging.aeri.ide 2 10 2017-01-15 09:50:54.599
!MESSAGE Updating the index from remote failed. ; version: 1.100.0.v20160217-0435
!STACK 0
org.apache.http.client.HttpResponseException: Proxy Authentication Required ( The ISA Server requires authorization to fulfill the request. Access to the Web Proxy filter is denied.  )
	at org.eclipse.epp.internal.logging.aeri.ide.server.mars.HttpResponses$ProgressMonitorResponseHandler.handleResponse(HttpResponses.java:70)
	at org.eclipse.epp.internal.logging.aeri.ide.server.mars.HttpResponses$ProgressMonitorResponseHandler.handleResponse(HttpResponses.java:1)
	at org.apache.http.client.fluent.Response.handleResponse(Response.java:90)
	at org.eclipse.epp.internal.logging.aeri.ide.server.mars.HttpResponses.getResponseWithProgress(HttpResponses.java:51)
	at org.eclipse.epp.internal.logging.aeri.ide.server.mars.IO.downloadDatabase(IO.java:173)
	at org.eclipse.epp.internal.logging.aeri.ide.server.mars.ServerProblemsHistory$UpdateIndexJob.run(ServerProblemsHistory.java:279)
	at org.eclipse.core.internal.jobs.Worker.run(Worker.java:55)

!ENTRY org.eclipse.core.net 1 0 2017-01-15 10:07:20.509
!MESSAGE System property http.proxyHost is set to 128.4.0.246 but should not be set.

!ENTRY org.eclipse.core.net 1 0 2017-01-15 10:07:20.524
!MESSAGE System property http.proxyPort is set to 8080 but should not be set.

!ENTRY org.eclipse.core.net 1 0 2017-01-15 10:07:20.540
!MESSAGE System property https.proxyHost is set to 128.4.0.246 but should not be set.

!ENTRY org.eclipse.core.net 1 0 2017-01-15 10:07:20.556
!MESSAGE System property https.proxyPort is set to 8080 but should not be set.
!SESSION 2017-01-15 10:50:15.322 -----------------------------------------------
eclipse.buildId=4.5.2.M20160212-1500
java.version=1.8.0_111
java.vendor=Oracle Corporation
BootLoader constants: OS=win32, ARCH=x86_64, WS=win32, NL=en_US
Command-line arguments:  -os win32 -ws win32 -arch x86_64

!ENTRY org.eclipse.egit.ui 2 0 2017-01-15 10:50:32.902
!MESSAGE Warning: The environment variable HOME is not set. The following directory will be used to store the Git
user global configuration and to define the default location to store repositories: 'C:\Users\rali'. If this is
not correct please set the HOME environment variable and restart Eclipse. Otherwise Git for Windows and
EGit might behave differently since they see different configuration options.
This warning can be switched off on the Team > Git > Confirmations and Warnings preference page.

!ENTRY org.eclipse.epp.logging.aeri.ide 2 10 2017-01-15 10:55:32.587
!MESSAGE Updating the index from remote failed. ; version: 1.100.0.v20160217-0435
!STACK 0
org.apache.http.client.HttpResponseException: Proxy Authentication Required ( The ISA Server requires authorization to fulfill the request. Access to the Web Proxy filter is denied.  )
	at org.eclipse.epp.internal.logging.aeri.ide.server.mars.HttpResponses$ProgressMonitorResponseHandler.handleResponse(HttpResponses.java:70)
	at org.eclipse.epp.internal.logging.aeri.ide.server.mars.HttpResponses$ProgressMonitorResponseHandler.handleResponse(HttpResponses.java:1)
	at org.apache.http.client.fluent.Response.handleResponse(Response.java:90)
	at org.eclipse.epp.internal.logging.aeri.ide.server.mars.HttpResponses.getResponseWithProgress(HttpResponses.java:51)
	at org.eclipse.epp.internal.logging.aeri.ide.server.mars.IO.downloadDatabase(IO.java:173)
	at org.eclipse.epp.internal.logging.aeri.ide.server.mars.ServerProblemsHistory$UpdateIndexJob.run(ServerProblemsHistory.java:279)
	at org.eclipse.core.internal.jobs.Worker.run(Worker.java:55)

!ENTRY org.eclipse.core.net 1 0 2017-01-15 11:40:47.054
!MESSAGE System property http.proxyHost is set to 128.4.0.246 but should not be set.

!ENTRY org.eclipse.core.net 1 0 2017-01-15 11:40:47.085
!MESSAGE System property http.proxyPort is set to 8080 but should not be set.

!ENTRY org.eclipse.core.net 1 0 2017-01-15 11:40:47.100
!MESSAGE System property https.proxyHost is set to 128.4.0.246 but should not be set.

!ENTRY org.eclipse.core.net 1 0 2017-01-15 11:40:47.100
!MESSAGE System property https.proxyPort is set to 8080 but should not be set.

!ENTRY org.eclipse.m2e.logback.appender 2 0 2017-01-15 12:10:21.491
!MESSAGE Failed to download org.eclipse.recommenders:index::zip:0.0.0
!STACK 0
org.eclipse.aether.resolution.ArtifactResolutionException: Could not transfer artifact org.eclipse.recommenders:index:zip:0.0.0-SNAPSHOT from/to models (http://download.eclipse.org/recommenders/models/mars/): Proxy Authentication Required ( The ISA Server requires authorization to fulfill the request. Access to the Web Proxy filter is denied.  ) (407)
	at org.eclipse.aether.internal.impl.DefaultArtifactResolver.resolve(DefaultArtifactResolver.java:444)
	at org.eclipse.aether.internal.impl.DefaultArtifactResolver.resolveArtifacts(DefaultArtifactResolver.java:246)
	at org.eclipse.aether.internal.impl.DefaultArtifactResolver.resolveArtifact(DefaultArtifactResolver.java:223)
	at org.eclipse.aether.internal.impl.DefaultRepositorySystem.resolveArtifact(DefaultRepositorySystem.java:294)
	at org.eclipse.recommenders.models.ModelRepository.resolveInternal(ModelRepository.java:192)
	at org.eclipse.recommenders.models.ModelRepository.resolve(ModelRepository.java:174)
	at org.eclipse.recommenders.internal.models.rcp.EclipseModelRepository.resolve(EclipseModelRepository.java:165)
	at org.eclipse.recommenders.internal.models.rcp.DownloadModelArchiveJob.run(DownloadModelArchiveJob.java:76)
	at org.eclipse.core.internal.jobs.Worker.run(Worker.java:55)
Caused by: org.eclipse.aether.transfer.ArtifactTransferException: Could not transfer artifact org.eclipse.recommenders:index:zip:0.0.0-SNAPSHOT from/to models (http://download.eclipse.org/recommenders/models/mars/): Proxy Authentication Required ( The ISA Server requires authorization to fulfill the request. Access to the Web Proxy filter is denied.  ) (407)
	at org.eclipse.aether.connector.basic.ArtifactTransportListener.transferFailed(ArtifactTransportListener.java:43)
	at org.eclipse.aether.connector.basic.BasicRepositoryConnector$TaskRunner.run(BasicRepositoryConnector.java:355)
	at org.eclipse.aether.util.concurrency.RunnableErrorForwarder$1.run(RunnableErrorForwarder.java:67)
	at org.eclipse.aether.connector.basic.BasicRepositoryConnector$DirectExecutor.execute(BasicRepositoryConnector.java:581)
	at org.eclipse.aether.connector.basic.BasicRepositoryConnector.get(BasicRepositoryConnector.java:249)
	at org.eclipse.aether.internal.impl.DefaultArtifactResolver.performDownloads(DefaultArtifactResolver.java:520)
	at org.eclipse.aether.internal.impl.DefaultArtifactResolver.resolve(DefaultArtifactResolver.java:421)
	... 8 more
Caused by: org.apache.http.client.HttpResponseException: Proxy Authentication Required ( The ISA Server requires authorization to fulfill the request. Access to the Web Proxy filter is denied.  ) (407)
	at org.eclipse.aether.transport.http.HttpTransporter.handleStatus(HttpTransporter.java:466)
	at org.eclipse.aether.transport.http.HttpTransporter.execute(HttpTransporter.java:291)
	at org.eclipse.aether.transport.http.HttpTransporter.implGet(HttpTransporter.java:243)
	at org.eclipse.aether.spi.connector.transport.AbstractTransporter.get(AbstractTransporter.java:59)
	at org.eclipse.aether.connector.basic.BasicRepositoryConnector$GetTaskRunner.runTask(BasicRepositoryConnector.java:447)
	at org.eclipse.aether.connector.basic.BasicRepositoryConnector$TaskRunner.run(BasicRepositoryConnector.java:350)
	... 13 more

!ENTRY org.eclipse.recommenders.models.rcp 1 0 2017-01-15 12:10:21.499
!MESSAGE org.eclipse.recommenders:index::zip:0.0.0 could not be resolved from the model repositories. Are you offline?

!ENTRY org.eclipse.m2e.logback.appender 2 0 2017-01-15 12:32:03.321
!MESSAGE Failed to download jre:jre:call:zip:1.0.0
!STACK 0
org.eclipse.aether.resolution.ArtifactResolutionException: Could not transfer artifact jre:jre:zip:call:1.0.0-SNAPSHOT from/to models (http://download.eclipse.org/recommenders/models/mars/): Proxy Authentication Required ( The ISA Server requires authorization to fulfill the request. Access to the Web Proxy filter is denied.  ) (407)
	at org.eclipse.aether.internal.impl.DefaultArtifactResolver.resolve(DefaultArtifactResolver.java:444)
	at org.eclipse.aether.internal.impl.DefaultArtifactResolver.resolveArtifacts(DefaultArtifactResolver.java:246)
	at org.eclipse.aether.internal.impl.DefaultArtifactResolver.resolveArtifact(DefaultArtifactResolver.java:223)
	at org.eclipse.aether.internal.impl.DefaultRepositorySystem.resolveArtifact(DefaultRepositorySystem.java:294)
	at org.eclipse.recommenders.models.ModelRepository.resolveInternal(ModelRepository.java:192)
	at org.eclipse.recommenders.models.ModelRepository.resolve(ModelRepository.java:174)
	at org.eclipse.recommenders.internal.models.rcp.EclipseModelRepository.resolve(EclipseModelRepository.java:165)
	at org.eclipse.recommenders.internal.models.rcp.DownloadModelArchiveJob.run(DownloadModelArchiveJob.java:76)
	at org.eclipse.core.internal.jobs.Worker.run(Worker.java:55)
Caused by: org.eclipse.aether.transfer.ArtifactTransferException: Could not transfer artifact jre:jre:zip:call:1.0.0-SNAPSHOT from/to models (http://download.eclipse.org/recommenders/models/mars/): Proxy Authentication Required ( The ISA Server requires authorization to fulfill the request. Access to the Web Proxy filter is denied.  ) (407)
	at org.eclipse.aether.connector.basic.ArtifactTransportListener.transferFailed(ArtifactTransportListener.java:43)
	at org.eclipse.aether.connector.basic.BasicRepositoryConnector$TaskRunner.run(BasicRepositoryConnector.java:355)
	at org.eclipse.aether.util.concurrency.RunnableErrorForwarder$1.run(RunnableErrorForwarder.java:67)
	at org.eclipse.aether.connector.basic.BasicRepositoryConnector$DirectExecutor.execute(BasicRepositoryConnector.java:581)
	at org.eclipse.aether.connector.basic.BasicRepositoryConnector.get(BasicRepositoryConnector.java:249)
	at org.eclipse.aether.internal.impl.DefaultArtifactResolver.performDownloads(DefaultArtifactResolver.java:520)
	at org.eclipse.aether.internal.impl.DefaultArtifactResolver.resolve(DefaultArtifactResolver.java:421)
	... 8 more
Caused by: org.apache.http.client.HttpResponseException: Proxy Authentication Required ( The ISA Server requires authorization to fulfill the request. Access to the Web Proxy filter is denied.  ) (407)
	at org.eclipse.aether.transport.http.HttpTransporter.handleStatus(HttpTransporter.java:466)
	at org.eclipse.aether.transport.http.HttpTransporter.execute(HttpTransporter.java:291)
	at org.eclipse.aether.transport.http.HttpTransporter.implGet(HttpTransporter.java:243)
	at org.eclipse.aether.spi.connector.transport.AbstractTransporter.get(AbstractTransporter.java:59)
	at org.eclipse.aether.connector.basic.BasicRepositoryConnector$GetTaskRunner.runTask(BasicRepositoryConnector.java:447)
	at org.eclipse.aether.connector.basic.BasicRepositoryConnector$TaskRunner.run(BasicRepositoryConnector.java:350)
	... 13 more

!ENTRY org.eclipse.recommenders.models.rcp 1 0 2017-01-15 12:32:03.327
!MESSAGE jre:jre:call:zip:1.0.0 could not be resolved from the model repositories. Are you offline?

!ENTRY org.eclipse.m2e.logback.appender 2 0 2017-01-15 12:32:08.124
!MESSAGE Failed to download jre:jre:call:zip:1.0.0
!STACK 0
org.eclipse.aether.resolution.ArtifactResolutionException: Failure to transfer jre:jre:zip:call:1.0.0-SNAPSHOT from http://download.eclipse.org/recommenders/models/mars/ was cached in the local repository, resolution will not be reattempted until the update interval of models has elapsed or updates are forced. Original error: Could not transfer artifact jre:jre:zip:call:1.0.0-SNAPSHOT from/to models (http://download.eclipse.org/recommenders/models/mars/): Proxy Authentication Required ( The ISA Server requires authorization to fulfill the request. Access to the Web Proxy filter is denied.  ) (407)
	at org.eclipse.aether.internal.impl.DefaultArtifactResolver.resolve(DefaultArtifactResolver.java:444)
	at org.eclipse.aether.internal.impl.DefaultArtifactResolver.resolveArtifacts(DefaultArtifactResolver.java:246)
	at org.eclipse.aether.internal.impl.DefaultArtifactResolver.resolveArtifact(DefaultArtifactResolver.java:223)
	at org.eclipse.aether.internal.impl.DefaultRepositorySystem.resolveArtifact(DefaultRepositorySystem.java:294)
	at org.eclipse.recommenders.models.ModelRepository.resolveInternal(ModelRepository.java:192)
	at org.eclipse.recommenders.models.ModelRepository.resolve(ModelRepository.java:174)
	at org.eclipse.recommenders.internal.models.rcp.EclipseModelRepository.resolve(EclipseModelRepository.java:165)
	at org.eclipse.recommenders.internal.models.rcp.DownloadModelArchiveJob.run(DownloadModelArchiveJob.java:76)
	at org.eclipse.core.internal.jobs.Worker.run(Worker.java:55)
Caused by: org.eclipse.aether.transfer.ArtifactTransferException: Failure to transfer jre:jre:zip:call:1.0.0-SNAPSHOT from http://download.eclipse.org/recommenders/models/mars/ was cached in the local repository, resolution will not be reattempted until the update interval of models has elapsed or updates are forced. Original error: Could not transfer artifact jre:jre:zip:call:1.0.0-SNAPSHOT from/to models (http://download.eclipse.org/recommenders/models/mars/): Proxy Authentication Required ( The ISA Server requires authorization to fulfill the request. Access to the Web Proxy filter is denied.  ) (407)
	at org.eclipse.aether.internal.impl.DefaultUpdateCheckManager.newException(DefaultUpdateCheckManager.java:238)
	at org.eclipse.aether.internal.impl.DefaultUpdateCheckManager.checkArtifact(DefaultUpdateCheckManager.java:206)
	at org.eclipse.aether.internal.impl.DefaultArtifactResolver.gatherDownloads(DefaultArtifactResolver.java:585)
	at org.eclipse.aether.internal.impl.DefaultArtifactResolver.performDownloads(DefaultArtifactResolver.java:503)
	at org.eclipse.aether.internal.impl.DefaultArtifactResolver.resolve(DefaultArtifactResolver.java:421)
	... 8 more

!ENTRY org.eclipse.recommenders.models.rcp 1 0 2017-01-15 12:32:08.137
!MESSAGE jre:jre:call:zip:1.0.0 could not be resolved from the model repositories. Are you offline?
!SESSION 2017-01-15 12:39:58.435 -----------------------------------------------
eclipse.buildId=4.5.2.M20160212-1500
java.version=1.8.0_111
java.vendor=Oracle Corporation
BootLoader constants: OS=win32, ARCH=x86_64, WS=win32, NL=en_US
Command-line arguments:  -os win32 -ws win32 -arch x86_64

!ENTRY org.eclipse.egit.ui 2 0 2017-01-15 12:40:13.078
!MESSAGE Warning: The environment variable HOME is not set. The following directory will be used to store the Git
user global configuration and to define the default location to store repositories: 'C:\Users\rali'. If this is
not correct please set the HOME environment variable and restart Eclipse. Otherwise Git for Windows and
EGit might behave differently since they see different configuration options.
This warning can be switched off on the Team > Git > Confirmations and Warnings preference page.

!ENTRY org.eclipse.core.net 1 0 2017-01-15 12:41:23.416
!MESSAGE System property http.proxyHost is set to 128.4.0.246 but should not be set.

!ENTRY org.eclipse.core.net 1 0 2017-01-15 12:41:23.422
!MESSAGE System property http.proxyPort is set to 8080 but should not be set.

!ENTRY org.eclipse.core.net 1 0 2017-01-15 12:41:23.429
!MESSAGE System property https.proxyHost is set to 128.4.0.246 but should not be set.

!ENTRY org.eclipse.core.net 1 0 2017-01-15 12:41:23.435
!MESSAGE System property https.proxyPort is set to 8080 but should not be set.

!ENTRY org.eclipse.epp.logging.aeri.ide 2 10 2017-01-15 12:45:12.025
!MESSAGE Updating the index from remote failed. ; version: 1.100.0.v20160217-0435
!STACK 0
org.apache.http.client.HttpResponseException: Proxy Authentication Required ( The ISA Server requires authorization to fulfill the request. Access to the Web Proxy filter is denied.  )
	at org.eclipse.epp.internal.logging.aeri.ide.server.mars.HttpResponses$ProgressMonitorResponseHandler.handleResponse(HttpResponses.java:70)
	at org.eclipse.epp.internal.logging.aeri.ide.server.mars.HttpResponses$ProgressMonitorResponseHandler.handleResponse(HttpResponses.java:1)
	at org.apache.http.client.fluent.Response.handleResponse(Response.java:90)
	at org.eclipse.epp.internal.logging.aeri.ide.server.mars.HttpResponses.getResponseWithProgress(HttpResponses.java:51)
	at org.eclipse.epp.internal.logging.aeri.ide.server.mars.IO.downloadDatabase(IO.java:173)
	at org.eclipse.epp.internal.logging.aeri.ide.server.mars.ServerProblemsHistory$UpdateIndexJob.run(ServerProblemsHistory.java:279)
	at org.eclipse.core.internal.jobs.Worker.run(Worker.java:55)
!SESSION 2017-01-15 13:26:34.969 -----------------------------------------------
eclipse.buildId=4.5.2.M20160212-1500
java.version=1.8.0_111
java.vendor=Oracle Corporation
BootLoader constants: OS=win32, ARCH=x86_64, WS=win32, NL=en_US
Command-line arguments:  -os win32 -ws win32 -arch x86_64

!ENTRY org.eclipse.egit.ui 2 0 2017-01-15 13:26:49.784
!MESSAGE Warning: The environment variable HOME is not set. The following directory will be used to store the Git
user global configuration and to define the default location to store repositories: 'C:\Users\rali'. If this is
not correct please set the HOME environment variable and restart Eclipse. Otherwise Git for Windows and
EGit might behave differently since they see different configuration options.
This warning can be switched off on the Team > Git > Confirmations and Warnings preference page.

!ENTRY org.eclipse.core.net 1 0 2017-01-15 13:27:30.836
!MESSAGE System property http.proxyHost is set to 128.4.0.246 but should not be set.

!ENTRY org.eclipse.core.net 1 0 2017-01-15 13:27:30.836
!MESSAGE System property http.proxyPort is set to 8080 but should not be set.

!ENTRY org.eclipse.core.net 1 0 2017-01-15 13:27:30.852
!MESSAGE System property https.proxyHost is set to 128.4.0.246 but should not be set.

!ENTRY org.eclipse.core.net 1 0 2017-01-15 13:27:30.852
!MESSAGE System property https.proxyPort is set to 8080 but should not be set.

!ENTRY org.eclipse.epp.logging.aeri.ide 2 10 2017-01-15 13:31:48.731
!MESSAGE Updating the index from remote failed. ; version: 1.100.0.v20160217-0435
!STACK 0
org.apache.http.client.HttpResponseException: Proxy Authentication Required ( The ISA Server requires authorization to fulfill the request. Access to the Web Proxy filter is denied.  )
	at org.eclipse.epp.internal.logging.aeri.ide.server.mars.HttpResponses$ProgressMonitorResponseHandler.handleResponse(HttpResponses.java:70)
	at org.eclipse.epp.internal.logging.aeri.ide.server.mars.HttpResponses$ProgressMonitorResponseHandler.handleResponse(HttpResponses.java:1)
	at org.apache.http.client.fluent.Response.handleResponse(Response.java:90)
	at org.eclipse.epp.internal.logging.aeri.ide.server.mars.HttpResponses.getResponseWithProgress(HttpResponses.java:51)
	at org.eclipse.epp.internal.logging.aeri.ide.server.mars.IO.downloadDatabase(IO.java:173)
	at org.eclipse.epp.internal.logging.aeri.ide.server.mars.ServerProblemsHistory$UpdateIndexJob.run(ServerProblemsHistory.java:279)
	at org.eclipse.core.internal.jobs.Worker.run(Worker.java:55)
!SESSION 2017-01-15 13:47:36.252 -----------------------------------------------
eclipse.buildId=4.5.2.M20160212-1500
java.version=1.8.0_111
java.vendor=Oracle Corporation
BootLoader constants: OS=win32, ARCH=x86_64, WS=win32, NL=en_US
Command-line arguments:  -os win32 -ws win32 -arch x86_64

!ENTRY org.eclipse.egit.ui 2 0 2017-01-15 13:47:48.838
!MESSAGE Warning: The environment variable HOME is not set. The following directory will be used to store the Git
user global configuration and to define the default location to store repositories: 'C:\Users\rali'. If this is
not correct please set the HOME environment variable and restart Eclipse. Otherwise Git for Windows and
EGit might behave differently since they see different configuration options.
This warning can be switched off on the Team > Git > Confirmations and Warnings preference page.

!ENTRY org.eclipse.epp.logging.aeri.ide 2 10 2017-01-15 13:52:48.197
!MESSAGE Updating the index from remote failed. ; version: 1.100.0.v20160217-0435
!STACK 0
org.apache.http.client.HttpResponseException: Proxy Authentication Required ( The ISA Server requires authorization to fulfill the request. Access to the Web Proxy filter is denied.  )
	at org.eclipse.epp.internal.logging.aeri.ide.server.mars.HttpResponses$ProgressMonitorResponseHandler.handleResponse(HttpResponses.java:70)
	at org.eclipse.epp.internal.logging.aeri.ide.server.mars.HttpResponses$ProgressMonitorResponseHandler.handleResponse(HttpResponses.java:1)
	at org.apache.http.client.fluent.Response.handleResponse(Response.java:90)
	at org.eclipse.epp.internal.logging.aeri.ide.server.mars.HttpResponses.getResponseWithProgress(HttpResponses.java:51)
	at org.eclipse.epp.internal.logging.aeri.ide.server.mars.IO.downloadDatabase(IO.java:173)
	at org.eclipse.epp.internal.logging.aeri.ide.server.mars.ServerProblemsHistory$UpdateIndexJob.run(ServerProblemsHistory.java:279)
	at org.eclipse.core.internal.jobs.Worker.run(Worker.java:55)

!ENTRY org.eclipse.core.net 1 0 2017-01-15 14:04:12.546
!MESSAGE System property http.proxyHost is set to 128.4.0.246 but should not be set.

!ENTRY org.eclipse.core.net 1 0 2017-01-15 14:04:12.546
!MESSAGE System property http.proxyPort is set to 8080 but should not be set.

!ENTRY org.eclipse.core.net 1 0 2017-01-15 14:04:12.562
!MESSAGE System property https.proxyHost is set to 128.4.0.246 but should not be set.

!ENTRY org.eclipse.core.net 1 0 2017-01-15 14:04:12.562
!MESSAGE System property https.proxyPort is set to 8080 but should not be set.
!SESSION 2017-01-16 11:53:57.938 -----------------------------------------------
eclipse.buildId=4.5.2.M20160212-1500
java.version=1.8.0_111
java.vendor=Oracle Corporation
BootLoader constants: OS=win32, ARCH=x86_64, WS=win32, NL=en_US
Command-line arguments:  -os win32 -ws win32 -arch x86_64

!ENTRY org.eclipse.egit.ui 2 0 2017-01-16 11:54:32.738
!MESSAGE Warning: The environment variable HOME is not set. The following directory will be used to store the Git
user global configuration and to define the default location to store repositories: 'C:\Users\rali'. If this is
not correct please set the HOME environment variable and restart Eclipse. Otherwise Git for Windows and
EGit might behave differently since they see different configuration options.
This warning can be switched off on the Team > Git > Confirmations and Warnings preference page.

!ENTRY org.eclipse.core.net 1 0 2017-01-16 11:55:45.907
!MESSAGE System property http.proxyHost is set to 128.4.0.246 but should not be set.

!ENTRY org.eclipse.core.net 1 0 2017-01-16 11:55:45.939
!MESSAGE System property http.proxyPort is set to 8080 but should not be set.

!ENTRY org.eclipse.core.net 1 0 2017-01-16 11:55:45.954
!MESSAGE System property https.proxyHost is set to 128.4.0.246 but should not be set.

!ENTRY org.eclipse.core.net 1 0 2017-01-16 11:55:45.954
!MESSAGE System property https.proxyPort is set to 8080 but should not be set.
!SESSION 2017-01-16 12:33:25.008 -----------------------------------------------
eclipse.buildId=4.5.2.M20160212-1500
java.version=1.8.0_111
java.vendor=Oracle Corporation
BootLoader constants: OS=win32, ARCH=x86_64, WS=win32, NL=en_US
Command-line arguments:  -os win32 -ws win32 -arch x86_64

!ENTRY org.eclipse.egit.ui 2 0 2017-01-16 12:33:36.248
!MESSAGE Warning: The environment variable HOME is not set. The following directory will be used to store the Git
user global configuration and to define the default location to store repositories: 'C:\Users\rali'. If this is
not correct please set the HOME environment variable and restart Eclipse. Otherwise Git for Windows and
EGit might behave differently since they see different configuration options.
This warning can be switched off on the Team > Git > Confirmations and Warnings preference page.
!SESSION 2017-01-30 08:13:00.994 -----------------------------------------------
eclipse.buildId=4.5.2.M20160212-1500
java.version=1.8.0_111
java.vendor=Oracle Corporation
BootLoader constants: OS=win32, ARCH=x86_64, WS=win32, NL=en_US
Command-line arguments:  -os win32 -ws win32 -arch x86_64

!ENTRY org.eclipse.egit.ui 2 0 2017-01-30 08:15:13.196
!MESSAGE Warning: The environment variable HOME is not set. The following directory will be used to store the Git
user global configuration and to define the default location to store repositories: 'C:\Users\rali'. If this is
not correct please set the HOME environment variable and restart Eclipse. Otherwise Git for Windows and
EGit might behave differently since they see different configuration options.
This warning can be switched off on the Team > Git > Confirmations and Warnings preference page.
!SESSION 2017-01-30 11:19:14.423 -----------------------------------------------
eclipse.buildId=4.5.2.M20160212-1500
java.version=1.8.0_111
java.vendor=Oracle Corporation
BootLoader constants: OS=win32, ARCH=x86_64, WS=win32, NL=en_US
Command-line arguments:  -os win32 -ws win32 -arch x86_64

!ENTRY org.eclipse.egit.ui 2 0 2017-01-30 11:19:32.164
!MESSAGE Warning: The environment variable HOME is not set. The following directory will be used to store the Git
user global configuration and to define the default location to store repositories: 'C:\Users\rali'. If this is
not correct please set the HOME environment variable and restart Eclipse. Otherwise Git for Windows and
EGit might behave differently since they see different configuration options.
This warning can be switched off on the Team > Git > Confirmations and Warnings preference page.
!SESSION 2017-02-05 08:40:01.492 -----------------------------------------------
eclipse.buildId=4.5.2.M20160212-1500
java.version=1.8.0_111
java.vendor=Oracle Corporation
BootLoader constants: OS=win32, ARCH=x86_64, WS=win32, NL=en_US
Command-line arguments:  -os win32 -ws win32 -arch x86_64

!ENTRY org.eclipse.egit.ui 2 0 2017-02-05 08:42:05.233
!MESSAGE Warning: The environment variable HOME is not set. The following directory will be used to store the Git
user global configuration and to define the default location to store repositories: 'C:\Users\rali'. If this is
not correct please set the HOME environment variable and restart Eclipse. Otherwise Git for Windows and
EGit might behave differently since they see different configuration options.
This warning can be switched off on the Team > Git > Confirmations and Warnings preference page.
!SESSION 2017-02-05 14:57:18.798 -----------------------------------------------
eclipse.buildId=4.5.2.M20160212-1500
java.version=1.8.0_111
java.vendor=Oracle Corporation
BootLoader constants: OS=win32, ARCH=x86_64, WS=win32, NL=en_US
Command-line arguments:  -os win32 -ws win32 -arch x86_64

!ENTRY org.eclipse.egit.ui 2 0 2017-02-05 14:57:44.777
!MESSAGE Warning: The environment variable HOME is not set. The following directory will be used to store the Git
user global configuration and to define the default location to store repositories: 'C:\Users\rali'. If this is
not correct please set the HOME environment variable and restart Eclipse. Otherwise Git for Windows and
EGit might behave differently since they see different configuration options.
This warning can be switched off on the Team > Git > Confirmations and Warnings preference page.

!ENTRY org.eclipse.core.net 1 0 2017-02-05 15:12:52.365
!MESSAGE System property http.proxyHost is set to 128.4.0.246 but should not be set.

!ENTRY org.eclipse.core.net 1 0 2017-02-05 15:12:52.412
!MESSAGE System property http.proxyPort is set to 8080 but should not be set.

!ENTRY org.eclipse.core.net 1 0 2017-02-05 15:12:52.427
!MESSAGE System property https.proxyHost is set to 128.4.0.246 but should not be set.

!ENTRY org.eclipse.core.net 1 0 2017-02-05 15:12:52.443
!MESSAGE System property https.proxyPort is set to 8080 but should not be set.
!SESSION 2017-02-06 15:19:07.076 -----------------------------------------------
eclipse.buildId=4.5.2.M20160212-1500
java.version=1.8.0_111
java.vendor=Oracle Corporation
BootLoader constants: OS=win32, ARCH=x86_64, WS=win32, NL=en_US
Command-line arguments:  -os win32 -ws win32 -arch x86_64

!ENTRY org.eclipse.egit.ui 2 0 2017-02-06 15:19:37.742
!MESSAGE Warning: The environment variable HOME is not set. The following directory will be used to store the Git
user global configuration and to define the default location to store repositories: 'C:\Users\rali'. If this is
not correct please set the HOME environment variable and restart Eclipse. Otherwise Git for Windows and
EGit might behave differently since they see different configuration options.
This warning can be switched off on the Team > Git > Confirmations and Warnings preference page.

!ENTRY org.eclipse.epp.logging.aeri.ide 2 16 2017-02-06 15:19:40.993
!MESSAGE Server ‘org.eclipse.epp.logging.aeri.ide.server’ failed with exception: Proxy Authentication Required ( The ISA Server requires authorization to fulfill the request. Access to the Web Proxy filter is denied.  ). ; version: 1.100.0.v20160217-0435
!STACK 0
org.apache.http.client.HttpResponseException: Proxy Authentication Required ( The ISA Server requires authorization to fulfill the request. Access to the Web Proxy filter is denied.  )
	at org.eclipse.epp.internal.logging.aeri.ide.server.mars.HttpResponses$ProgressMonitorResponseHandler.handleResponse(HttpResponses.java:70)
	at org.eclipse.epp.internal.logging.aeri.ide.server.mars.HttpResponses$ProgressMonitorResponseStringHandler.handleResponse(HttpResponses.java:92)
	at org.eclipse.epp.internal.logging.aeri.ide.server.mars.HttpResponses$ProgressMonitorResponseStringHandler.handleResponse(HttpResponses.java:1)
	at org.apache.http.client.fluent.Response.handleResponse(Response.java:90)
	at org.eclipse.epp.internal.logging.aeri.ide.server.mars.HttpResponses.getContentWithProgress(HttpResponses.java:55)
	at org.eclipse.epp.internal.logging.aeri.ide.server.mars.IO.refreshConfiguration(IO.java:69)
	at org.eclipse.epp.internal.logging.aeri.ide.server.mars.ServerConnection.startUp(ServerConnection.java:101)
	at com.google.common.util.concurrent.AbstractIdleService$2$1.run(AbstractIdleService.java:54)
	at com.google.common.util.concurrent.Callables$3.run(Callables.java:93)
	at java.lang.Thread.run(Unknown Source)

!ENTRY org.eclipse.core.net 1 0 2017-02-06 15:26:30.429
!MESSAGE System property http.proxyHost is set to 128.4.0.246 but should not be set.

!ENTRY org.eclipse.core.net 1 0 2017-02-06 15:26:30.460
!MESSAGE System property http.proxyPort is set to 8080 but should not be set.

!ENTRY org.eclipse.core.net 1 0 2017-02-06 15:26:30.475
!MESSAGE System property https.proxyHost is set to 128.4.0.246 but should not be set.

!ENTRY org.eclipse.core.net 1 0 2017-02-06 15:26:30.491
!MESSAGE System property https.proxyPort is set to 8080 but should not be set.
!SESSION 2017-02-07 13:56:41.330 -----------------------------------------------
eclipse.buildId=4.5.2.M20160212-1500
java.version=1.8.0_111
java.vendor=Oracle Corporation
BootLoader constants: OS=win32, ARCH=x86_64, WS=win32, NL=en_US
Command-line arguments:  -os win32 -ws win32 -arch x86_64

!ENTRY org.eclipse.egit.ui 2 0 2017-02-07 13:57:15.067
!MESSAGE Warning: The environment variable HOME is not set. The following directory will be used to store the Git
user global configuration and to define the default location to store repositories: 'C:\Users\rali'. If this is
not correct please set the HOME environment variable and restart Eclipse. Otherwise Git for Windows and
EGit might behave differently since they see different configuration options.
This warning can be switched off on the Team > Git > Confirmations and Warnings preference page.

!ENTRY org.eclipse.epp.logging.aeri.ide 2 16 2017-02-07 13:57:17.005
!MESSAGE Server ‘org.eclipse.epp.logging.aeri.ide.server’ failed with exception: Proxy Authentication Required ( The ISA Server requires authorization to fulfill the request. Access to the Web Proxy filter is denied.  ). ; version: 1.100.0.v20160217-0435
!STACK 0
org.apache.http.client.HttpResponseException: Proxy Authentication Required ( The ISA Server requires authorization to fulfill the request. Access to the Web Proxy filter is denied.  )
	at org.eclipse.epp.internal.logging.aeri.ide.server.mars.HttpResponses$ProgressMonitorResponseHandler.handleResponse(HttpResponses.java:70)
	at org.eclipse.epp.internal.logging.aeri.ide.server.mars.HttpResponses$ProgressMonitorResponseStringHandler.handleResponse(HttpResponses.java:92)
	at org.eclipse.epp.internal.logging.aeri.ide.server.mars.HttpResponses$ProgressMonitorResponseStringHandler.handleResponse(HttpResponses.java:1)
	at org.apache.http.client.fluent.Response.handleResponse(Response.java:90)
	at org.eclipse.epp.internal.logging.aeri.ide.server.mars.HttpResponses.getContentWithProgress(HttpResponses.java:55)
	at org.eclipse.epp.internal.logging.aeri.ide.server.mars.IO.refreshConfiguration(IO.java:69)
	at org.eclipse.epp.internal.logging.aeri.ide.server.mars.ServerConnection.startUp(ServerConnection.java:101)
	at com.google.common.util.concurrent.AbstractIdleService$2$1.run(AbstractIdleService.java:54)
	at com.google.common.util.concurrent.Callables$3.run(Callables.java:93)
	at java.lang.Thread.run(Unknown Source)
!SESSION 2017-02-09 16:56:57.700 -----------------------------------------------
eclipse.buildId=4.5.2.M20160212-1500
java.version=1.8.0_111
java.vendor=Oracle Corporation
BootLoader constants: OS=win32, ARCH=x86_64, WS=win32, NL=en_US
Command-line arguments:  -os win32 -ws win32 -arch x86_64

!ENTRY org.eclipse.epp.logging.aeri.ide 2 16 2017-02-09 16:57:27.328
!MESSAGE Server ‘org.eclipse.epp.logging.aeri.ide.server’ failed with exception: Proxy Authentication Required ( The ISA Server requires authorization to fulfill the request. Access to the Web Proxy filter is denied.  ). ; version: 1.100.0.v20160217-0435
!STACK 0
org.apache.http.client.HttpResponseException: Proxy Authentication Required ( The ISA Server requires authorization to fulfill the request. Access to the Web Proxy filter is denied.  )
	at org.eclipse.epp.internal.logging.aeri.ide.server.mars.HttpResponses$ProgressMonitorResponseHandler.handleResponse(HttpResponses.java:70)
	at org.eclipse.epp.internal.logging.aeri.ide.server.mars.HttpResponses$ProgressMonitorResponseStringHandler.handleResponse(HttpResponses.java:92)
	at org.eclipse.epp.internal.logging.aeri.ide.server.mars.HttpResponses$ProgressMonitorResponseStringHandler.handleResponse(HttpResponses.java:1)
	at org.apache.http.client.fluent.Response.handleResponse(Response.java:90)
	at org.eclipse.epp.internal.logging.aeri.ide.server.mars.HttpResponses.getContentWithProgress(HttpResponses.java:55)
	at org.eclipse.epp.internal.logging.aeri.ide.server.mars.IO.refreshConfiguration(IO.java:69)
	at org.eclipse.epp.internal.logging.aeri.ide.server.mars.ServerConnection.startUp(ServerConnection.java:101)
	at com.google.common.util.concurrent.AbstractIdleService$2$1.run(AbstractIdleService.java:54)
	at com.google.common.util.concurrent.Callables$3.run(Callables.java:93)
	at java.lang.Thread.run(Unknown Source)

!ENTRY org.eclipse.egit.ui 2 0 2017-02-09 16:57:27.589
!MESSAGE Warning: The environment variable HOME is not set. The following directory will be used to store the Git
user global configuration and to define the default location to store repositories: 'C:\Users\rali'. If this is
not correct please set the HOME environment variable and restart Eclipse. Otherwise Git for Windows and
EGit might behave differently since they see different configuration options.
This warning can be switched off on the Team > Git > Confirmations and Warnings preference page.
!SESSION 2017-02-12 08:55:49.913 -----------------------------------------------
eclipse.buildId=4.5.2.M20160212-1500
java.version=1.8.0_111
java.vendor=Oracle Corporation
BootLoader constants: OS=win32, ARCH=x86_64, WS=win32, NL=en_US
Command-line arguments:  -os win32 -ws win32 -arch x86_64

!ENTRY org.eclipse.egit.ui 2 0 2017-02-12 08:58:33.771
!MESSAGE Warning: The environment variable HOME is not set. The following directory will be used to store the Git
user global configuration and to define the default location to store repositories: 'C:\Users\rali'. If this is
not correct please set the HOME environment variable and restart Eclipse. Otherwise Git for Windows and
EGit might behave differently since they see different configuration options.
This warning can be switched off on the Team > Git > Confirmations and Warnings preference page.

!ENTRY org.eclipse.epp.logging.aeri.ide 2 16 2017-02-12 08:58:38.880
!MESSAGE Server ‘org.eclipse.epp.logging.aeri.ide.server’ failed with exception: Connect to dev.eclipse.org:443 [dev.eclipse.org/198.41.30.200] failed: connect timed out. ; version: 1.100.0.v20160217-0435
!STACK 0
org.apache.http.conn.ConnectTimeoutException: Connect to dev.eclipse.org:443 [dev.eclipse.org/198.41.30.200] failed: connect timed out
	at org.apache.http.impl.conn.HttpClientConnectionOperator.connect(HttpClientConnectionOperator.java:134)
	at org.apache.http.impl.conn.PoolingHttpClientConnectionManager.connect(PoolingHttpClientConnectionManager.java:319)
	at org.apache.http.impl.execchain.MainClientExec.establishRoute(MainClientExec.java:363)
	at org.apache.http.impl.execchain.MainClientExec.execute(MainClientExec.java:219)
	at org.apache.http.impl.execchain.ProtocolExec.execute(ProtocolExec.java:195)
	at org.apache.http.impl.execchain.RetryExec.execute(RetryExec.java:86)
	at org.apache.http.impl.execchain.RedirectExec.execute(RedirectExec.java:108)
	at org.apache.http.impl.client.InternalHttpClient.doExecute(InternalHttpClient.java:184)
	at org.apache.http.impl.client.CloseableHttpClient.execute(CloseableHttpClient.java:82)
	at org.apache.http.impl.client.CloseableHttpClient.execute(CloseableHttpClient.java:57)
	at org.apache.http.client.fluent.Executor.execute(Executor.java:206)
	at org.eclipse.epp.internal.logging.aeri.ide.server.mars.IO.request(IO.java:205)
	at org.eclipse.epp.internal.logging.aeri.ide.server.mars.IO.refreshConfiguration(IO.java:68)
	at org.eclipse.epp.internal.logging.aeri.ide.server.mars.ServerConnection.startUp(ServerConnection.java:101)
	at com.google.common.util.concurrent.AbstractIdleService$2$1.run(AbstractIdleService.java:54)
	at com.google.common.util.concurrent.Callables$3.run(Callables.java:93)
	at java.lang.Thread.run(Unknown Source)
Caused by: java.net.SocketTimeoutException: connect timed out
	at java.net.DualStackPlainSocketImpl.waitForConnect(Native Method)
	at java.net.DualStackPlainSocketImpl.socketConnect(Unknown Source)
	at java.net.AbstractPlainSocketImpl.doConnect(Unknown Source)
	at java.net.AbstractPlainSocketImpl.connectToAddress(Unknown Source)
	at java.net.AbstractPlainSocketImpl.connect(Unknown Source)
	at java.net.PlainSocketImpl.connect(Unknown Source)
	at java.net.SocksSocketImpl.connect(Unknown Source)
	at java.net.Socket.connect(Unknown Source)
	at org.apache.http.conn.ssl.SSLConnectionSocketFactory.connectSocket(SSLConnectionSocketFactory.java:244)
	at org.apache.http.impl.conn.HttpClientConnectionOperator.connect(HttpClientConnectionOperator.java:125)
	... 16 more
!SESSION 2017-02-15 08:53:23.344 -----------------------------------------------
eclipse.buildId=4.5.2.M20160212-1500
java.version=1.8.0_111
java.vendor=Oracle Corporation
BootLoader constants: OS=win32, ARCH=x86_64, WS=win32, NL=en_US
Command-line arguments:  -os win32 -ws win32 -arch x86_64

!ENTRY org.eclipse.egit.ui 2 0 2017-02-15 08:54:19.204
!MESSAGE Warning: The environment variable HOME is not set. The following directory will be used to store the Git
user global configuration and to define the default location to store repositories: 'C:\Users\rali'. If this is
not correct please set the HOME environment variable and restart Eclipse. Otherwise Git for Windows and
EGit might behave differently since they see different configuration options.
This warning can be switched off on the Team > Git > Confirmations and Warnings preference page.

!ENTRY org.eclipse.epp.logging.aeri.ide 2 16 2017-02-15 08:54:20.634
!MESSAGE Server ‘org.eclipse.epp.logging.aeri.ide.server’ failed with exception: Proxy Authentication Required ( The ISA Server requires authorization to fulfill the request. Access to the Web Proxy filter is denied.  ). ; version: 1.100.0.v20160217-0435
!STACK 0
org.apache.http.client.HttpResponseException: Proxy Authentication Required ( The ISA Server requires authorization to fulfill the request. Access to the Web Proxy filter is denied.  )
	at org.eclipse.epp.internal.logging.aeri.ide.server.mars.HttpResponses$ProgressMonitorResponseHandler.handleResponse(HttpResponses.java:70)
	at org.eclipse.epp.internal.logging.aeri.ide.server.mars.HttpResponses$ProgressMonitorResponseStringHandler.handleResponse(HttpResponses.java:92)
	at org.eclipse.epp.internal.logging.aeri.ide.server.mars.HttpResponses$ProgressMonitorResponseStringHandler.handleResponse(HttpResponses.java:1)
	at org.apache.http.client.fluent.Response.handleResponse(Response.java:90)
	at org.eclipse.epp.internal.logging.aeri.ide.server.mars.HttpResponses.getContentWithProgress(HttpResponses.java:55)
	at org.eclipse.epp.internal.logging.aeri.ide.server.mars.IO.refreshConfiguration(IO.java:69)
	at org.eclipse.epp.internal.logging.aeri.ide.server.mars.ServerConnection.startUp(ServerConnection.java:101)
	at com.google.common.util.concurrent.AbstractIdleService$2$1.run(AbstractIdleService.java:54)
	at com.google.common.util.concurrent.Callables$3.run(Callables.java:93)
	at java.lang.Thread.run(Unknown Source)

!ENTRY org.eclipse.core.net 1 0 2017-02-15 09:25:34.112
!MESSAGE System property http.proxyHost is set to 128.4.0.246 but should not be set.

!ENTRY org.eclipse.core.net 1 0 2017-02-15 09:25:34.143
!MESSAGE System property http.proxyPort is set to 8080 but should not be set.

!ENTRY org.eclipse.core.net 1 0 2017-02-15 09:25:34.143
!MESSAGE System property https.proxyHost is set to 128.4.0.246 but should not be set.

!ENTRY org.eclipse.core.net 1 0 2017-02-15 09:25:34.159
!MESSAGE System property https.proxyPort is set to 8080 but should not be set.
!SESSION 2017-02-15 12:33:09.080 -----------------------------------------------
eclipse.buildId=4.5.2.M20160212-1500
java.version=1.8.0_111
java.vendor=Oracle Corporation
BootLoader constants: OS=win32, ARCH=x86_64, WS=win32, NL=en_US
Command-line arguments:  -os win32 -ws win32 -arch x86_64

!ENTRY org.eclipse.epp.logging.aeri.ide 2 16 2017-02-15 12:33:28.727
!MESSAGE Server ‘org.eclipse.epp.logging.aeri.ide.server’ failed with exception: Proxy Authentication Required ( The ISA Server requires authorization to fulfill the request. Access to the Web Proxy filter is denied.  ). ; version: 1.100.0.v20160217-0435
!STACK 0
org.apache.http.client.HttpResponseException: Proxy Authentication Required ( The ISA Server requires authorization to fulfill the request. Access to the Web Proxy filter is denied.  )
	at org.eclipse.epp.internal.logging.aeri.ide.server.mars.HttpResponses$ProgressMonitorResponseHandler.handleResponse(HttpResponses.java:70)
	at org.eclipse.epp.internal.logging.aeri.ide.server.mars.HttpResponses$ProgressMonitorResponseStringHandler.handleResponse(HttpResponses.java:92)
	at org.eclipse.epp.internal.logging.aeri.ide.server.mars.HttpResponses$ProgressMonitorResponseStringHandler.handleResponse(HttpResponses.java:1)
	at org.apache.http.client.fluent.Response.handleResponse(Response.java:90)
	at org.eclipse.epp.internal.logging.aeri.ide.server.mars.HttpResponses.getContentWithProgress(HttpResponses.java:55)
	at org.eclipse.epp.internal.logging.aeri.ide.server.mars.IO.refreshConfiguration(IO.java:69)
	at org.eclipse.epp.internal.logging.aeri.ide.server.mars.ServerConnection.startUp(ServerConnection.java:101)
	at com.google.common.util.concurrent.AbstractIdleService$2$1.run(AbstractIdleService.java:54)
	at com.google.common.util.concurrent.Callables$3.run(Callables.java:93)
	at java.lang.Thread.run(Unknown Source)

!ENTRY org.eclipse.egit.ui 2 0 2017-02-15 12:33:29.993
!MESSAGE Warning: The environment variable HOME is not set. The following directory will be used to store the Git
user global configuration and to define the default location to store repositories: 'C:\Users\rali'. If this is
not correct please set the HOME environment variable and restart Eclipse. Otherwise Git for Windows and
EGit might behave differently since they see different configuration options.
This warning can be switched off on the Team > Git > Confirmations and Warnings preference page.
!SESSION 2017-02-15 13:55:37.244 -----------------------------------------------
eclipse.buildId=4.5.2.M20160212-1500
java.version=1.8.0_111
java.vendor=Oracle Corporation
BootLoader constants: OS=win32, ARCH=x86_64, WS=win32, NL=en_US
Command-line arguments:  -os win32 -ws win32 -arch x86_64

!ENTRY org.eclipse.epp.logging.aeri.ide 2 16 2017-02-15 13:55:58.821
!MESSAGE Server ‘org.eclipse.epp.logging.aeri.ide.server’ failed with exception: Proxy Authentication Required ( The ISA Server requires authorization to fulfill the request. Access to the Web Proxy filter is denied.  ). ; version: 1.100.0.v20160217-0435
!STACK 0
org.apache.http.client.HttpResponseException: Proxy Authentication Required ( The ISA Server requires authorization to fulfill the request. Access to the Web Proxy filter is denied.  )
	at org.eclipse.epp.internal.logging.aeri.ide.server.mars.HttpResponses$ProgressMonitorResponseHandler.handleResponse(HttpResponses.java:70)
	at org.eclipse.epp.internal.logging.aeri.ide.server.mars.HttpResponses$ProgressMonitorResponseStringHandler.handleResponse(HttpResponses.java:92)
	at org.eclipse.epp.internal.logging.aeri.ide.server.mars.HttpResponses$ProgressMonitorResponseStringHandler.handleResponse(HttpResponses.java:1)
	at org.apache.http.client.fluent.Response.handleResponse(Response.java:90)
	at org.eclipse.epp.internal.logging.aeri.ide.server.mars.HttpResponses.getContentWithProgress(HttpResponses.java:55)
	at org.eclipse.epp.internal.logging.aeri.ide.server.mars.IO.refreshConfiguration(IO.java:69)
	at org.eclipse.epp.internal.logging.aeri.ide.server.mars.ServerConnection.startUp(ServerConnection.java:101)
	at com.google.common.util.concurrent.AbstractIdleService$2$1.run(AbstractIdleService.java:54)
	at com.google.common.util.concurrent.Callables$3.run(Callables.java:93)
	at java.lang.Thread.run(Unknown Source)

!ENTRY org.eclipse.egit.ui 2 0 2017-02-15 13:56:00.024
!MESSAGE Warning: The environment variable HOME is not set. The following directory will be used to store the Git
user global configuration and to define the default location to store repositories: 'C:\Users\rali'. If this is
not correct please set the HOME environment variable and restart Eclipse. Otherwise Git for Windows and
EGit might behave differently since they see different configuration options.
This warning can be switched off on the Team > Git > Confirmations and Warnings preference page.
!SESSION 2017-02-16 09:02:21.829 -----------------------------------------------
eclipse.buildId=4.5.2.M20160212-1500
java.version=1.8.0_111
java.vendor=Oracle Corporation
BootLoader constants: OS=win32, ARCH=x86_64, WS=win32, NL=en_US
Command-line arguments:  -os win32 -ws win32 -arch x86_64

!ENTRY org.eclipse.egit.ui 2 0 2017-02-16 09:02:50.500
!MESSAGE Warning: The environment variable HOME is not set. The following directory will be used to store the Git
user global configuration and to define the default location to store repositories: 'C:\Users\rali'. If this is
not correct please set the HOME environment variable and restart Eclipse. Otherwise Git for Windows and
EGit might behave differently since they see different configuration options.
This warning can be switched off on the Team > Git > Confirmations and Warnings preference page.

!ENTRY org.eclipse.epp.logging.aeri.ide 2 16 2017-02-16 09:02:54.328
!MESSAGE Server ‘org.eclipse.epp.logging.aeri.ide.server’ failed with exception: Proxy Authentication Required ( The ISA Server requires authorization to fulfill the request. Access to the Web Proxy filter is denied.  ). ; version: 1.100.0.v20160217-0435
!STACK 0
org.apache.http.client.HttpResponseException: Proxy Authentication Required ( The ISA Server requires authorization to fulfill the request. Access to the Web Proxy filter is denied.  )
	at org.eclipse.epp.internal.logging.aeri.ide.server.mars.HttpResponses$ProgressMonitorResponseHandler.handleResponse(HttpResponses.java:70)
	at org.eclipse.epp.internal.logging.aeri.ide.server.mars.HttpResponses$ProgressMonitorResponseStringHandler.handleResponse(HttpResponses.java:92)
	at org.eclipse.epp.internal.logging.aeri.ide.server.mars.HttpResponses$ProgressMonitorResponseStringHandler.handleResponse(HttpResponses.java:1)
	at org.apache.http.client.fluent.Response.handleResponse(Response.java:90)
	at org.eclipse.epp.internal.logging.aeri.ide.server.mars.HttpResponses.getContentWithProgress(HttpResponses.java:55)
	at org.eclipse.epp.internal.logging.aeri.ide.server.mars.IO.refreshConfiguration(IO.java:69)
	at org.eclipse.epp.internal.logging.aeri.ide.server.mars.ServerConnection.startUp(ServerConnection.java:101)
	at com.google.common.util.concurrent.AbstractIdleService$2$1.run(AbstractIdleService.java:54)
	at com.google.common.util.concurrent.Callables$3.run(Callables.java:93)
	at java.lang.Thread.run(Unknown Source)

!ENTRY org.eclipse.core.net 1 0 2017-02-16 09:05:38.600
!MESSAGE System property http.proxyHost is set to 128.4.0.246 but should not be set.

!ENTRY org.eclipse.core.net 1 0 2017-02-16 09:05:38.600
!MESSAGE System property http.proxyPort is set to 8080 but should not be set.

!ENTRY org.eclipse.core.net 1 0 2017-02-16 09:05:38.616
!MESSAGE System property https.proxyHost is set to 128.4.0.246 but should not be set.

!ENTRY org.eclipse.core.net 1 0 2017-02-16 09:05:38.616
!MESSAGE System property https.proxyPort is set to 8080 but should not be set.
!SESSION 2017-02-16 11:21:02.278 -----------------------------------------------
eclipse.buildId=4.5.2.M20160212-1500
java.version=1.8.0_111
java.vendor=Oracle Corporation
BootLoader constants: OS=win32, ARCH=x86_64, WS=win32, NL=en_US
Command-line arguments:  -os win32 -ws win32 -arch x86_64

!ENTRY org.eclipse.epp.logging.aeri.ide 2 16 2017-02-16 11:21:27.692
!MESSAGE Server ‘org.eclipse.epp.logging.aeri.ide.server’ failed with exception: Proxy Authentication Required ( The ISA Server requires authorization to fulfill the request. Access to the Web Proxy filter is denied.  ). ; version: 1.100.0.v20160217-0435
!STACK 0
org.apache.http.client.HttpResponseException: Proxy Authentication Required ( The ISA Server requires authorization to fulfill the request. Access to the Web Proxy filter is denied.  )
	at org.eclipse.epp.internal.logging.aeri.ide.server.mars.HttpResponses$ProgressMonitorResponseHandler.handleResponse(HttpResponses.java:70)
	at org.eclipse.epp.internal.logging.aeri.ide.server.mars.HttpResponses$ProgressMonitorResponseStringHandler.handleResponse(HttpResponses.java:92)
	at org.eclipse.epp.internal.logging.aeri.ide.server.mars.HttpResponses$ProgressMonitorResponseStringHandler.handleResponse(HttpResponses.java:1)
	at org.apache.http.client.fluent.Response.handleResponse(Response.java:90)
	at org.eclipse.epp.internal.logging.aeri.ide.server.mars.HttpResponses.getContentWithProgress(HttpResponses.java:55)
	at org.eclipse.epp.internal.logging.aeri.ide.server.mars.IO.refreshConfiguration(IO.java:69)
	at org.eclipse.epp.internal.logging.aeri.ide.server.mars.ServerConnection.startUp(ServerConnection.java:101)
	at com.google.common.util.concurrent.AbstractIdleService$2$1.run(AbstractIdleService.java:54)
	at com.google.common.util.concurrent.Callables$3.run(Callables.java:93)
	at java.lang.Thread.run(Unknown Source)

!ENTRY org.eclipse.egit.ui 2 0 2017-02-16 11:21:28.848
!MESSAGE Warning: The environment variable HOME is not set. The following directory will be used to store the Git
user global configuration and to define the default location to store repositories: 'C:\Users\rali'. If this is
not correct please set the HOME environment variable and restart Eclipse. Otherwise Git for Windows and
EGit might behave differently since they see different configuration options.
This warning can be switched off on the Team > Git > Confirmations and Warnings preference page.

!ENTRY org.eclipse.core.net 1 0 2017-02-16 11:21:44.254
!MESSAGE System property http.proxyHost is set to 128.4.0.246 but should not be set.

!ENTRY org.eclipse.core.net 1 0 2017-02-16 11:21:44.301
!MESSAGE System property http.proxyPort is set to 8080 but should not be set.

!ENTRY org.eclipse.core.net 1 0 2017-02-16 11:21:44.316
!MESSAGE System property https.proxyHost is set to 128.4.0.246 but should not be set.

!ENTRY org.eclipse.core.net 1 0 2017-02-16 11:21:44.316
!MESSAGE System property https.proxyPort is set to 8080 but should not be set.
!SESSION 2017-02-16 15:18:54.733 -----------------------------------------------
eclipse.buildId=4.5.2.M20160212-1500
java.version=1.8.0_111
java.vendor=Oracle Corporation
BootLoader constants: OS=win32, ARCH=x86_64, WS=win32, NL=en_US
Command-line arguments:  -os win32 -ws win32 -arch x86_64

!ENTRY org.eclipse.epp.logging.aeri.ide 2 16 2017-02-16 15:19:27.589
!MESSAGE Server ‘org.eclipse.epp.logging.aeri.ide.server’ failed with exception: Proxy Authentication Required ( The ISA Server requires authorization to fulfill the request. Access to the Web Proxy filter is denied.  ). ; version: 1.100.0.v20160217-0435
!STACK 0
org.apache.http.client.HttpResponseException: Proxy Authentication Required ( The ISA Server requires authorization to fulfill the request. Access to the Web Proxy filter is denied.  )
	at org.eclipse.epp.internal.logging.aeri.ide.server.mars.HttpResponses$ProgressMonitorResponseHandler.handleResponse(HttpResponses.java:70)
	at org.eclipse.epp.internal.logging.aeri.ide.server.mars.HttpResponses$ProgressMonitorResponseStringHandler.handleResponse(HttpResponses.java:92)
	at org.eclipse.epp.internal.logging.aeri.ide.server.mars.HttpResponses$ProgressMonitorResponseStringHandler.handleResponse(HttpResponses.java:1)
	at org.apache.http.client.fluent.Response.handleResponse(Response.java:90)
	at org.eclipse.epp.internal.logging.aeri.ide.server.mars.HttpResponses.getContentWithProgress(HttpResponses.java:55)
	at org.eclipse.epp.internal.logging.aeri.ide.server.mars.IO.refreshConfiguration(IO.java:69)
	at org.eclipse.epp.internal.logging.aeri.ide.server.mars.ServerConnection.startUp(ServerConnection.java:101)
	at com.google.common.util.concurrent.AbstractIdleService$2$1.run(AbstractIdleService.java:54)
	at com.google.common.util.concurrent.Callables$3.run(Callables.java:93)
	at java.lang.Thread.run(Unknown Source)

!ENTRY org.eclipse.egit.ui 2 0 2017-02-16 15:19:28.928
!MESSAGE Warning: The environment variable HOME is not set. The following directory will be used to store the Git
user global configuration and to define the default location to store repositories: 'C:\Users\rali'. If this is
not correct please set the HOME environment variable and restart Eclipse. Otherwise Git for Windows and
EGit might behave differently since they see different configuration options.
This warning can be switched off on the Team > Git > Confirmations and Warnings preference page.
!SESSION 2017-02-20 17:09:13.176 -----------------------------------------------
eclipse.buildId=4.5.2.M20160212-1500
java.version=1.8.0_111
java.vendor=Oracle Corporation
BootLoader constants: OS=win32, ARCH=x86_64, WS=win32, NL=en_US
Command-line arguments:  -os win32 -ws win32 -arch x86_64

!ENTRY org.eclipse.egit.ui 2 0 2017-02-20 17:09:40.940
!MESSAGE Warning: The environment variable HOME is not set. The following directory will be used to store the Git
user global configuration and to define the default location to store repositories: 'C:\Users\rali'. If this is
not correct please set the HOME environment variable and restart Eclipse. Otherwise Git for Windows and
EGit might behave differently since they see different configuration options.
This warning can be switched off on the Team > Git > Confirmations and Warnings preference page.

!ENTRY org.eclipse.epp.logging.aeri.ide 2 16 2017-02-20 17:09:41.268
!MESSAGE Server ‘org.eclipse.epp.logging.aeri.ide.server’ failed with exception: Proxy Authentication Required ( The ISA Server requires authorization to fulfill the request. Access to the Web Proxy filter is denied.  ). ; version: 1.100.0.v20160217-0435
!STACK 0
org.apache.http.client.HttpResponseException: Proxy Authentication Required ( The ISA Server requires authorization to fulfill the request. Access to the Web Proxy filter is denied.  )
	at org.eclipse.epp.internal.logging.aeri.ide.server.mars.HttpResponses$ProgressMonitorResponseHandler.handleResponse(HttpResponses.java:70)
	at org.eclipse.epp.internal.logging.aeri.ide.server.mars.HttpResponses$ProgressMonitorResponseStringHandler.handleResponse(HttpResponses.java:92)
	at org.eclipse.epp.internal.logging.aeri.ide.server.mars.HttpResponses$ProgressMonitorResponseStringHandler.handleResponse(HttpResponses.java:1)
	at org.apache.http.client.fluent.Response.handleResponse(Response.java:90)
	at org.eclipse.epp.internal.logging.aeri.ide.server.mars.HttpResponses.getContentWithProgress(HttpResponses.java:55)
	at org.eclipse.epp.internal.logging.aeri.ide.server.mars.IO.refreshConfiguration(IO.java:69)
	at org.eclipse.epp.internal.logging.aeri.ide.server.mars.ServerConnection.startUp(ServerConnection.java:101)
	at com.google.common.util.concurrent.AbstractIdleService$2$1.run(AbstractIdleService.java:54)
	at com.google.common.util.concurrent.Callables$3.run(Callables.java:93)
	at java.lang.Thread.run(Unknown Source)
!SESSION 2017-02-21 08:34:00.072 -----------------------------------------------
eclipse.buildId=4.5.2.M20160212-1500
java.version=1.8.0_111
java.vendor=Oracle Corporation
BootLoader constants: OS=win32, ARCH=x86_64, WS=win32, NL=en_US
Command-line arguments:  -os win32 -ws win32 -arch x86_64

!ENTRY org.eclipse.egit.ui 2 0 2017-02-21 08:35:59.569
!MESSAGE Warning: The environment variable HOME is not set. The following directory will be used to store the Git
user global configuration and to define the default location to store repositories: 'C:\Users\rali'. If this is
not correct please set the HOME environment variable and restart Eclipse. Otherwise Git for Windows and
EGit might behave differently since they see different configuration options.
This warning can be switched off on the Team > Git > Confirmations and Warnings preference page.

!ENTRY org.eclipse.epp.logging.aeri.ide 2 16 2017-02-21 08:36:03.257
!MESSAGE Server ‘org.eclipse.epp.logging.aeri.ide.server’ failed with exception: Proxy Authentication Required ( The ISA Server requires authorization to fulfill the request. Access to the Web Proxy filter is denied.  ). ; version: 1.100.0.v20160217-0435
!STACK 0
org.apache.http.client.HttpResponseException: Proxy Authentication Required ( The ISA Server requires authorization to fulfill the request. Access to the Web Proxy filter is denied.  )
	at org.eclipse.epp.internal.logging.aeri.ide.server.mars.HttpResponses$ProgressMonitorResponseHandler.handleResponse(HttpResponses.java:70)
	at org.eclipse.epp.internal.logging.aeri.ide.server.mars.HttpResponses$ProgressMonitorResponseStringHandler.handleResponse(HttpResponses.java:92)
	at org.eclipse.epp.internal.logging.aeri.ide.server.mars.HttpResponses$ProgressMonitorResponseStringHandler.handleResponse(HttpResponses.java:1)
	at org.apache.http.client.fluent.Response.handleResponse(Response.java:90)
	at org.eclipse.epp.internal.logging.aeri.ide.server.mars.HttpResponses.getContentWithProgress(HttpResponses.java:55)
	at org.eclipse.epp.internal.logging.aeri.ide.server.mars.IO.refreshConfiguration(IO.java:69)
	at org.eclipse.epp.internal.logging.aeri.ide.server.mars.ServerConnection.startUp(ServerConnection.java:101)
	at com.google.common.util.concurrent.AbstractIdleService$2$1.run(AbstractIdleService.java:54)
	at com.google.common.util.concurrent.Callables$3.run(Callables.java:93)
	at java.lang.Thread.run(Unknown Source)

!ENTRY org.eclipse.core.net 1 0 2017-02-21 08:51:10.984
!MESSAGE System property http.proxyHost is set to 128.4.0.246 but should not be set.

!ENTRY org.eclipse.core.net 1 0 2017-02-21 08:51:11.000
!MESSAGE System property http.proxyPort is set to 8080 but should not be set.

!ENTRY org.eclipse.core.net 1 0 2017-02-21 08:51:11.016
!MESSAGE System property https.proxyHost is set to 128.4.0.246 but should not be set.

!ENTRY org.eclipse.core.net 1 0 2017-02-21 08:51:11.031
!MESSAGE System property https.proxyPort is set to 8080 but should not be set.

!ENTRY org.eclipse.m2e.logback.appender 2 0 2017-02-21 08:51:36.668
!MESSAGE Failed to download org.eclipse.recommenders:index::zip:0.0.0
!STACK 0
org.eclipse.aether.resolution.ArtifactResolutionException: Could not transfer artifact org.eclipse.recommenders:index:zip:0.0.0-SNAPSHOT from/to models (http://download.eclipse.org/recommenders/models/mars/): Proxy Authentication Required ( The ISA Server requires authorization to fulfill the request. Access to the Web Proxy filter is denied.  ) (407)
	at org.eclipse.aether.internal.impl.DefaultArtifactResolver.resolve(DefaultArtifactResolver.java:444)
	at org.eclipse.aether.internal.impl.DefaultArtifactResolver.resolveArtifacts(DefaultArtifactResolver.java:246)
	at org.eclipse.aether.internal.impl.DefaultArtifactResolver.resolveArtifact(DefaultArtifactResolver.java:223)
	at org.eclipse.aether.internal.impl.DefaultRepositorySystem.resolveArtifact(DefaultRepositorySystem.java:294)
	at org.eclipse.recommenders.models.ModelRepository.resolveInternal(ModelRepository.java:192)
	at org.eclipse.recommenders.models.ModelRepository.resolve(ModelRepository.java:174)
	at org.eclipse.recommenders.internal.models.rcp.EclipseModelRepository.resolve(EclipseModelRepository.java:165)
	at org.eclipse.recommenders.internal.models.rcp.DownloadModelArchiveJob.run(DownloadModelArchiveJob.java:76)
	at org.eclipse.core.internal.jobs.Worker.run(Worker.java:55)
Caused by: org.eclipse.aether.transfer.ArtifactTransferException: Could not transfer artifact org.eclipse.recommenders:index:zip:0.0.0-SNAPSHOT from/to models (http://download.eclipse.org/recommenders/models/mars/): Proxy Authentication Required ( The ISA Server requires authorization to fulfill the request. Access to the Web Proxy filter is denied.  ) (407)
	at org.eclipse.aether.connector.basic.ArtifactTransportListener.transferFailed(ArtifactTransportListener.java:43)
	at org.eclipse.aether.connector.basic.BasicRepositoryConnector$TaskRunner.run(BasicRepositoryConnector.java:355)
	at org.eclipse.aether.util.concurrency.RunnableErrorForwarder$1.run(RunnableErrorForwarder.java:67)
	at org.eclipse.aether.connector.basic.BasicRepositoryConnector$DirectExecutor.execute(BasicRepositoryConnector.java:581)
	at org.eclipse.aether.connector.basic.BasicRepositoryConnector.get(BasicRepositoryConnector.java:249)
	at org.eclipse.aether.internal.impl.DefaultArtifactResolver.performDownloads(DefaultArtifactResolver.java:520)
	at org.eclipse.aether.internal.impl.DefaultArtifactResolver.resolve(DefaultArtifactResolver.java:421)
	... 8 more
Caused by: org.apache.http.client.HttpResponseException: Proxy Authentication Required ( The ISA Server requires authorization to fulfill the request. Access to the Web Proxy filter is denied.  ) (407)
	at org.eclipse.aether.transport.http.HttpTransporter.handleStatus(HttpTransporter.java:466)
	at org.eclipse.aether.transport.http.HttpTransporter.execute(HttpTransporter.java:291)
	at org.eclipse.aether.transport.http.HttpTransporter.implGet(HttpTransporter.java:243)
	at org.eclipse.aether.spi.connector.transport.AbstractTransporter.get(AbstractTransporter.java:59)
	at org.eclipse.aether.connector.basic.BasicRepositoryConnector$GetTaskRunner.runTask(BasicRepositoryConnector.java:447)
	at org.eclipse.aether.connector.basic.BasicRepositoryConnector$TaskRunner.run(BasicRepositoryConnector.java:350)
	... 13 more

!ENTRY org.eclipse.recommenders.models.rcp 1 0 2017-02-21 08:51:36.684
!MESSAGE org.eclipse.recommenders:index::zip:0.0.0 could not be resolved from the model repositories. Are you offline?

!ENTRY org.eclipse.m2e.logback.appender 2 0 2017-02-21 08:51:37.418
!MESSAGE Failed to download jre:jre:ctor:zip:1.0.0
!STACK 0
org.eclipse.aether.resolution.ArtifactResolutionException: Could not transfer artifact jre:jre:zip:ctor:1.0.0-SNAPSHOT from/to models (http://download.eclipse.org/recommenders/models/mars/): Proxy Authentication Required ( The ISA Server requires authorization to fulfill the request. Access to the Web Proxy filter is denied.  ) (407)
	at org.eclipse.aether.internal.impl.DefaultArtifactResolver.resolve(DefaultArtifactResolver.java:444)
	at org.eclipse.aether.internal.impl.DefaultArtifactResolver.resolveArtifacts(DefaultArtifactResolver.java:246)
	at org.eclipse.aether.internal.impl.DefaultArtifactResolver.resolveArtifact(DefaultArtifactResolver.java:223)
	at org.eclipse.aether.internal.impl.DefaultRepositorySystem.resolveArtifact(DefaultRepositorySystem.java:294)
	at org.eclipse.recommenders.models.ModelRepository.resolveInternal(ModelRepository.java:192)
	at org.eclipse.recommenders.models.ModelRepository.resolve(ModelRepository.java:174)
	at org.eclipse.recommenders.internal.models.rcp.EclipseModelRepository.resolve(EclipseModelRepository.java:165)
	at org.eclipse.recommenders.internal.models.rcp.DownloadModelArchiveJob.run(DownloadModelArchiveJob.java:76)
	at org.eclipse.core.internal.jobs.Worker.run(Worker.java:55)
Caused by: org.eclipse.aether.transfer.ArtifactTransferException: Could not transfer artifact jre:jre:zip:ctor:1.0.0-SNAPSHOT from/to models (http://download.eclipse.org/recommenders/models/mars/): Proxy Authentication Required ( The ISA Server requires authorization to fulfill the request. Access to the Web Proxy filter is denied.  ) (407)
	at org.eclipse.aether.connector.basic.ArtifactTransportListener.transferFailed(ArtifactTransportListener.java:43)
	at org.eclipse.aether.connector.basic.BasicRepositoryConnector$TaskRunner.run(BasicRepositoryConnector.java:355)
	at org.eclipse.aether.util.concurrency.RunnableErrorForwarder$1.run(RunnableErrorForwarder.java:67)
	at org.eclipse.aether.connector.basic.BasicRepositoryConnector$DirectExecutor.execute(BasicRepositoryConnector.java:581)
	at org.eclipse.aether.connector.basic.BasicRepositoryConnector.get(BasicRepositoryConnector.java:249)
	at org.eclipse.aether.internal.impl.DefaultArtifactResolver.performDownloads(DefaultArtifactResolver.java:520)
	at org.eclipse.aether.internal.impl.DefaultArtifactResolver.resolve(DefaultArtifactResolver.java:421)
	... 8 more
Caused by: org.apache.http.client.HttpResponseException: Proxy Authentication Required ( The ISA Server requires authorization to fulfill the request. Access to the Web Proxy filter is denied.  ) (407)
	at org.eclipse.aether.transport.http.HttpTransporter.handleStatus(HttpTransporter.java:466)
	at org.eclipse.aether.transport.http.HttpTransporter.execute(HttpTransporter.java:291)
	at org.eclipse.aether.transport.http.HttpTransporter.implGet(HttpTransporter.java:243)
	at org.eclipse.aether.spi.connector.transport.AbstractTransporter.get(AbstractTransporter.java:59)
	at org.eclipse.aether.connector.basic.BasicRepositoryConnector$GetTaskRunner.runTask(BasicRepositoryConnector.java:447)
	at org.eclipse.aether.connector.basic.BasicRepositoryConnector$TaskRunner.run(BasicRepositoryConnector.java:350)
	... 13 more

!ENTRY org.eclipse.recommenders.models.rcp 1 0 2017-02-21 08:51:37.418
!MESSAGE jre:jre:ctor:zip:1.0.0 could not be resolved from the model repositories. Are you offline?

!ENTRY org.eclipse.m2e.logback.appender 2 0 2017-02-21 09:18:16.558
!MESSAGE Failed to download jre:jre:call:zip:1.0.0
!STACK 0
org.eclipse.aether.resolution.ArtifactResolutionException: Could not transfer artifact jre:jre:zip:call:1.0.0-SNAPSHOT from/to models (http://download.eclipse.org/recommenders/models/mars/): Proxy Authentication Required ( The ISA Server requires authorization to fulfill the request. Access to the Web Proxy filter is denied.  ) (407)
	at org.eclipse.aether.internal.impl.DefaultArtifactResolver.resolve(DefaultArtifactResolver.java:444)
	at org.eclipse.aether.internal.impl.DefaultArtifactResolver.resolveArtifacts(DefaultArtifactResolver.java:246)
	at org.eclipse.aether.internal.impl.DefaultArtifactResolver.resolveArtifact(DefaultArtifactResolver.java:223)
	at org.eclipse.aether.internal.impl.DefaultRepositorySystem.resolveArtifact(DefaultRepositorySystem.java:294)
	at org.eclipse.recommenders.models.ModelRepository.resolveInternal(ModelRepository.java:192)
	at org.eclipse.recommenders.models.ModelRepository.resolve(ModelRepository.java:174)
	at org.eclipse.recommenders.internal.models.rcp.EclipseModelRepository.resolve(EclipseModelRepository.java:165)
	at org.eclipse.recommenders.internal.models.rcp.DownloadModelArchiveJob.run(DownloadModelArchiveJob.java:76)
	at org.eclipse.core.internal.jobs.Worker.run(Worker.java:55)
Caused by: org.eclipse.aether.transfer.ArtifactTransferException: Could not transfer artifact jre:jre:zip:call:1.0.0-SNAPSHOT from/to models (http://download.eclipse.org/recommenders/models/mars/): Proxy Authentication Required ( The ISA Server requires authorization to fulfill the request. Access to the Web Proxy filter is denied.  ) (407)
	at org.eclipse.aether.connector.basic.ArtifactTransportListener.transferFailed(ArtifactTransportListener.java:43)
	at org.eclipse.aether.connector.basic.BasicRepositoryConnector$TaskRunner.run(BasicRepositoryConnector.java:355)
	at org.eclipse.aether.util.concurrency.RunnableErrorForwarder$1.run(RunnableErrorForwarder.java:67)
	at org.eclipse.aether.connector.basic.BasicRepositoryConnector$DirectExecutor.execute(BasicRepositoryConnector.java:581)
	at org.eclipse.aether.connector.basic.BasicRepositoryConnector.get(BasicRepositoryConnector.java:249)
	at org.eclipse.aether.internal.impl.DefaultArtifactResolver.performDownloads(DefaultArtifactResolver.java:520)
	at org.eclipse.aether.internal.impl.DefaultArtifactResolver.resolve(DefaultArtifactResolver.java:421)
	... 8 more
Caused by: org.apache.http.client.HttpResponseException: Proxy Authentication Required ( The ISA Server requires authorization to fulfill the request. Access to the Web Proxy filter is denied.  ) (407)
	at org.eclipse.aether.transport.http.HttpTransporter.handleStatus(HttpTransporter.java:466)
	at org.eclipse.aether.transport.http.HttpTransporter.execute(HttpTransporter.java:291)
	at org.eclipse.aether.transport.http.HttpTransporter.implGet(HttpTransporter.java:243)
	at org.eclipse.aether.spi.connector.transport.AbstractTransporter.get(AbstractTransporter.java:59)
	at org.eclipse.aether.connector.basic.BasicRepositoryConnector$GetTaskRunner.runTask(BasicRepositoryConnector.java:447)
	at org.eclipse.aether.connector.basic.BasicRepositoryConnector$TaskRunner.run(BasicRepositoryConnector.java:350)
	... 13 more

!ENTRY org.eclipse.recommenders.models.rcp 1 0 2017-02-21 09:18:16.573
!MESSAGE jre:jre:call:zip:1.0.0 could not be resolved from the model repositories. Are you offline?

!ENTRY org.eclipse.m2e.logback.appender 2 0 2017-02-21 09:18:16.589
!MESSAGE Failed to download jre:jre:call:zip:1.0.0
!STACK 0
org.eclipse.aether.resolution.ArtifactResolutionException: Failure to transfer jre:jre:zip:call:1.0.0-SNAPSHOT from http://download.eclipse.org/recommenders/models/mars/ was cached in the local repository, resolution will not be reattempted until the update interval of models has elapsed or updates are forced. Original error: Could not transfer artifact jre:jre:zip:call:1.0.0-SNAPSHOT from/to models (http://download.eclipse.org/recommenders/models/mars/): Proxy Authentication Required ( The ISA Server requires authorization to fulfill the request. Access to the Web Proxy filter is denied.  ) (407)
	at org.eclipse.aether.internal.impl.DefaultArtifactResolver.resolve(DefaultArtifactResolver.java:444)
	at org.eclipse.aether.internal.impl.DefaultArtifactResolver.resolveArtifacts(DefaultArtifactResolver.java:246)
	at org.eclipse.aether.internal.impl.DefaultArtifactResolver.resolveArtifact(DefaultArtifactResolver.java:223)
	at org.eclipse.aether.internal.impl.DefaultRepositorySystem.resolveArtifact(DefaultRepositorySystem.java:294)
	at org.eclipse.recommenders.models.ModelRepository.resolveInternal(ModelRepository.java:192)
	at org.eclipse.recommenders.models.ModelRepository.resolve(ModelRepository.java:174)
	at org.eclipse.recommenders.internal.models.rcp.EclipseModelRepository.resolve(EclipseModelRepository.java:165)
	at org.eclipse.recommenders.internal.models.rcp.DownloadModelArchiveJob.run(DownloadModelArchiveJob.java:76)
	at org.eclipse.core.internal.jobs.Worker.run(Worker.java:55)
Caused by: org.eclipse.aether.transfer.ArtifactTransferException: Failure to transfer jre:jre:zip:call:1.0.0-SNAPSHOT from http://download.eclipse.org/recommenders/models/mars/ was cached in the local repository, resolution will not be reattempted until the update interval of models has elapsed or updates are forced. Original error: Could not transfer artifact jre:jre:zip:call:1.0.0-SNAPSHOT from/to models (http://download.eclipse.org/recommenders/models/mars/): Proxy Authentication Required ( The ISA Server requires authorization to fulfill the request. Access to the Web Proxy filter is denied.  ) (407)
	at org.eclipse.aether.internal.impl.DefaultUpdateCheckManager.newException(DefaultUpdateCheckManager.java:238)
	at org.eclipse.aether.internal.impl.DefaultUpdateCheckManager.checkArtifact(DefaultUpdateCheckManager.java:206)
	at org.eclipse.aether.internal.impl.DefaultArtifactResolver.gatherDownloads(DefaultArtifactResolver.java:585)
	at org.eclipse.aether.internal.impl.DefaultArtifactResolver.performDownloads(DefaultArtifactResolver.java:503)
	at org.eclipse.aether.internal.impl.DefaultArtifactResolver.resolve(DefaultArtifactResolver.java:421)
	... 8 more

!ENTRY org.eclipse.recommenders.models.rcp 1 0 2017-02-21 09:18:16.604
!MESSAGE jre:jre:call:zip:1.0.0 could not be resolved from the model repositories. Are you offline?
